{"/home/travis/build/npmtest/node-npmtest-jquery-validation/test.js":{"path":"/home/travis/build/npmtest/node-npmtest-jquery-validation/test.js","s":{"1":2,"2":2,"3":2,"4":2,"5":2,"6":2,"7":2,"8":1,"9":2,"10":2,"11":1,"12":1,"13":1,"14":1,"15":2,"16":2,"17":2,"18":2,"19":1,"20":1,"21":2,"22":2,"23":2,"24":1,"25":1,"26":1,"27":1,"28":1,"29":1,"30":1,"31":1,"32":1,"33":1,"34":1,"35":1,"36":1,"37":1,"38":1,"39":2,"40":2,"41":1,"42":2,"43":2,"44":1,"45":2,"46":2,"47":1,"48":2,"49":2,"50":1,"51":1,"52":1,"53":1,"54":1},"b":{"1":[2,1,1,1],"2":[1,1,1,1],"3":[1,1],"4":[1,1],"5":[1,1],"6":[1,1],"7":[1,1],"8":[1,1],"9":[1,1],"10":[1,1,1],"11":[1,1],"12":[1,1],"13":[1,1],"14":[1,1],"15":[1,1],"16":[1,1],"17":[1,1]},"f":{"1":2,"2":2,"3":2,"4":2,"5":2,"6":1,"7":1,"8":1,"9":2,"10":2,"11":2,"12":2,"13":1},"fnMap":{"1":{"name":"(anonymous_1)","line":12,"loc":{"start":{"line":12,"column":1},"end":{"line":12,"column":13}}},"2":{"name":"(anonymous_2)","line":19,"loc":{"start":{"line":19,"column":5},"end":{"line":19,"column":17}}},"3":{"name":"(anonymous_3)","line":23,"loc":{"start":{"line":23,"column":24},"end":{"line":23,"column":36}}},"4":{"name":"(anonymous_4)","line":61,"loc":{"start":{"line":61,"column":5},"end":{"line":61,"column":17}}},"5":{"name":"(anonymous_5)","line":82,"loc":{"start":{"line":82,"column":5},"end":{"line":82,"column":17}}},"6":{"name":"(anonymous_6)","line":91,"loc":{"start":{"line":91,"column":77},"end":{"line":94,"column":10}}},"7":{"name":"(anonymous_7)","line":112,"loc":{"start":{"line":112,"column":83},"end":{"line":115,"column":10}},"skip":true},"8":{"name":"(anonymous_8)","line":123,"loc":{"start":{"line":123,"column":77},"end":{"line":126,"column":10}},"skip":true},"9":{"name":"(anonymous_9)","line":139,"loc":{"start":{"line":139,"column":12},"end":{"line":139,"column":40}},"skip":true},"10":{"name":"(anonymous_10)","line":147,"loc":{"start":{"line":147,"column":77},"end":{"line":150,"column":10}},"skip":true},"11":{"name":"(anonymous_11)","line":158,"loc":{"start":{"line":158,"column":83},"end":{"line":161,"column":10}},"skip":true},"12":{"name":"(anonymous_12)","line":169,"loc":{"start":{"line":169,"column":79},"end":{"line":172,"column":10}},"skip":true},"13":{"name":"(anonymous_13)","line":180,"loc":{"start":{"line":180,"column":75},"end":{"line":183,"column":10}},"skip":true}},"statementMap":{"1":{"start":{"line":12,"column":0},"end":{"line":195,"column":5}},"2":{"start":{"line":14,"column":4},"end":{"line":14,"column":14}},"3":{"start":{"line":19,"column":4},"end":{"line":56,"column":9}},"4":{"start":{"line":21,"column":8},"end":{"line":21,"column":19}},"5":{"start":{"line":23,"column":8},"end":{"line":35,"column":13}},"6":{"start":{"line":24,"column":12},"end":{"line":34,"column":13}},"7":{"start":{"line":25,"column":16},"end":{"line":28,"column":30}},"8":{"start":{"line":30,"column":16},"end":{"line":33,"column":27}},"9":{"start":{"line":37,"column":8},"end":{"line":39,"column":21}},"10":{"start":{"line":40,"column":8},"end":{"line":53,"column":9}},"11":{"start":{"line":43,"column":12},"end":{"line":46,"column":14}},"12":{"start":{"line":47,"column":12},"end":{"line":47,"column":18}},"13":{"start":{"line":50,"column":12},"end":{"line":51,"column":33}},"14":{"start":{"line":52,"column":12},"end":{"line":52,"column":18}},"15":{"start":{"line":55,"column":8},"end":{"line":55,"column":35}},"16":{"start":{"line":61,"column":4},"end":{"line":63,"column":9}},"17":{"start":{"line":62,"column":8},"end":{"line":62,"column":15}},"18":{"start":{"line":64,"column":4},"end":{"line":77,"column":5}},"19":{"start":{"line":70,"column":8},"end":{"line":70,"column":14}},"20":{"start":{"line":76,"column":8},"end":{"line":76,"column":14}},"21":{"start":{"line":82,"column":4},"end":{"line":84,"column":9}},"22":{"start":{"line":83,"column":8},"end":{"line":83,"column":15}},"23":{"start":{"line":85,"column":4},"end":{"line":194,"column":5}},"24":{"start":{"line":91,"column":8},"end":{"line":99,"column":10}},"25":{"start":{"line":98,"column":12},"end":{"line":98,"column":35}},"26":{"start":{"line":102,"column":8},"end":{"line":104,"column":63}},"27":{"start":{"line":105,"column":8},"end":{"line":105,"column":14}},"28":{"start":{"line":112,"column":8},"end":{"line":121,"column":10},"skip":true},"29":{"start":{"line":119,"column":12},"end":{"line":119,"column":55},"skip":true},"30":{"start":{"line":120,"column":12},"end":{"line":120,"column":48},"skip":true},"31":{"start":{"line":123,"column":8},"end":{"line":136,"column":10},"skip":true},"32":{"start":{"line":130,"column":12},"end":{"line":130,"column":76},"skip":true},"33":{"start":{"line":131,"column":12},"end":{"line":131,"column":73},"skip":true},"34":{"start":{"line":132,"column":12},"end":{"line":132,"column":74},"skip":true},"35":{"start":{"line":133,"column":12},"end":{"line":133,"column":79},"skip":true},"36":{"start":{"line":134,"column":12},"end":{"line":134,"column":25},"skip":true},"37":{"start":{"line":135,"column":12},"end":{"line":135,"column":45},"skip":true},"38":{"start":{"line":138,"column":8},"end":{"line":145,"column":14},"skip":true},"39":{"start":{"line":143,"column":16},"end":{"line":143,"column":29},"skip":true},"40":{"start":{"line":144,"column":16},"end":{"line":144,"column":55},"skip":true},"41":{"start":{"line":147,"column":8},"end":{"line":156,"column":10},"skip":true},"42":{"start":{"line":154,"column":12},"end":{"line":154,"column":25},"skip":true},"43":{"start":{"line":155,"column":12},"end":{"line":155,"column":45},"skip":true},"44":{"start":{"line":158,"column":8},"end":{"line":167,"column":10},"skip":true},"45":{"start":{"line":165,"column":12},"end":{"line":165,"column":25},"skip":true},"46":{"start":{"line":166,"column":12},"end":{"line":166,"column":48},"skip":true},"47":{"start":{"line":169,"column":8},"end":{"line":178,"column":10},"skip":true},"48":{"start":{"line":176,"column":12},"end":{"line":176,"column":25},"skip":true},"49":{"start":{"line":177,"column":12},"end":{"line":177,"column":46},"skip":true},"50":{"start":{"line":180,"column":8},"end":{"line":189,"column":10},"skip":true},"51":{"start":{"line":187,"column":12},"end":{"line":187,"column":94},"skip":true},"52":{"start":{"line":188,"column":12},"end":{"line":188,"column":48},"skip":true},"53":{"start":{"line":192,"column":8},"end":{"line":192,"column":35},"skip":true},"54":{"start":{"line":193,"column":8},"end":{"line":193,"column":14},"skip":true}},"branchMap":{"1":{"line":25,"type":"binary-expr","locations":[{"start":{"line":25,"column":23},"end":{"line":25,"column":62}},{"start":{"line":26,"column":20},"end":{"line":26,"column":70}},{"start":{"line":27,"column":20},"end":{"line":27,"column":71}},{"start":{"line":28,"column":20},"end":{"line":28,"column":29}}]},"2":{"line":30,"type":"binary-expr","locations":[{"start":{"line":30,"column":23},"end":{"line":30,"column":37}},{"start":{"line":31,"column":20},"end":{"line":31,"column":61}},{"start":{"line":32,"column":20},"end":{"line":32,"column":70}},{"start":{"line":33,"column":20},"end":{"line":33,"column":26}}]},"3":{"line":37,"type":"cond-expr","locations":[{"start":{"line":38,"column":14},"end":{"line":38,"column":20}},{"start":{"line":39,"column":14},"end":{"line":39,"column":20}}]},"4":{"line":40,"type":"switch","locations":[{"start":{"line":42,"column":8},"end":{"line":47,"column":18}},{"start":{"line":49,"column":8},"end":{"line":52,"column":18}}]},"5":{"line":44,"type":"binary-expr","locations":[{"start":{"line":44,"column":16},"end":{"line":44,"column":44}},{"start":{"line":44,"column":48},"end":{"line":44,"column":66}}]},"6":{"line":50,"type":"binary-expr","locations":[{"start":{"line":50,"column":21},"end":{"line":50,"column":49}},{"start":{"line":50,"column":53},"end":{"line":50,"column":72}}]},"7":{"line":64,"type":"switch","locations":[{"start":{"line":69,"column":4},"end":{"line":70,"column":14}},{"start":{"line":75,"column":4},"end":{"line":76,"column":14}}]},"8":{"line":85,"type":"switch","locations":[{"start":{"line":90,"column":4},"end":{"line":105,"column":14}},{"start":{"line":111,"column":4},"end":{"line":193,"column":14},"skip":true}]},"9":{"line":91,"type":"binary-expr","locations":[{"start":{"line":91,"column":42},"end":{"line":91,"column":73}},{"start":{"line":91,"column":77},"end":{"line":99,"column":9}}]},"10":{"line":102,"type":"binary-expr","locations":[{"start":{"line":102,"column":18},"end":{"line":102,"column":32}},{"start":{"line":103,"column":12},"end":{"line":103,"column":53}},{"start":{"line":104,"column":12},"end":{"line":104,"column":61}}]},"11":{"line":112,"type":"binary-expr","locations":[{"start":{"line":112,"column":45},"end":{"line":112,"column":79},"skip":true},{"start":{"line":112,"column":83},"end":{"line":121,"column":9},"skip":true}]},"12":{"line":123,"type":"binary-expr","locations":[{"start":{"line":123,"column":42},"end":{"line":123,"column":73},"skip":true},{"start":{"line":123,"column":77},"end":{"line":136,"column":9},"skip":true}]},"13":{"line":138,"type":"binary-expr","locations":[{"start":{"line":138,"column":48},"end":{"line":138,"column":85},"skip":true},{"start":{"line":139,"column":12},"end":{"line":145,"column":13},"skip":true}]},"14":{"line":147,"type":"binary-expr","locations":[{"start":{"line":147,"column":42},"end":{"line":147,"column":73},"skip":true},{"start":{"line":147,"column":77},"end":{"line":156,"column":9},"skip":true}]},"15":{"line":158,"type":"binary-expr","locations":[{"start":{"line":158,"column":45},"end":{"line":158,"column":79},"skip":true},{"start":{"line":158,"column":83},"end":{"line":167,"column":9},"skip":true}]},"16":{"line":169,"type":"binary-expr","locations":[{"start":{"line":169,"column":43},"end":{"line":169,"column":75},"skip":true},{"start":{"line":169,"column":79},"end":{"line":178,"column":9},"skip":true}]},"17":{"line":180,"type":"binary-expr","locations":[{"start":{"line":180,"column":41},"end":{"line":180,"column":71},"skip":true},{"start":{"line":180,"column":75},"end":{"line":189,"column":9},"skip":true}]}},"code":["/* istanbul instrument in package npmtest_jquery_validation */","/*jslint","    bitwise: true,","    browser: true,","    maxerr: 8,","    maxlen: 96,","    node: true,","    nomen: true,","    regexp: true,","    stupid: true","*/","(function () {","    'use strict';","    var local;","","","","    // run shared js-env code - init-before","    (function () {","        // init local","        local = {};","        // init modeJs","        local.modeJs = (function () {","            try {","                return typeof navigator.userAgent === 'string' &&","                    typeof document.querySelector('body') === 'object' &&","                    typeof XMLHttpRequest.prototype.open === 'function' &&","                    'browser';","            } catch (errorCaughtBrowser) {","                return module.exports &&","                    typeof process.versions.node === 'string' &&","                    typeof require('http').createServer === 'function' &&","                    'node';","            }","        }());","        // init global","        local.global = local.modeJs === 'browser'","            ? window","            : global;","        switch (local.modeJs) {","        // re-init local from window.local","        case 'browser':","            local = local.global.utility2.objectSetDefault(","                local.global.utility2_rollup || local.global.local,","                local.global.utility2","            );","            break;","        // re-init local from example.js","        case 'node':","            local = (local.global.utility2_rollup || require('utility2'))","                .requireReadme();","            break;","        }","        // export local","        local.global.local = local;","    }());","","","","    // run shared js-env code - function","    (function () {","        return;","    }());","    switch (local.modeJs) {","","","","    // run browser js-env code - function","    case 'browser':","        break;","","","","    // run node js-env code - function","    case 'node':","        break;","    }","","","","    // run shared js-env code - init-after","    (function () {","        return;","    }());","    switch (local.modeJs) {","","","","    // run browser js-env code - init-after","    case 'browser':","        local.testCase_browser_nullCase = local.testCase_browser_nullCase || function (","            options,","            onError","        ) {","        /*","         * this function will test browsers's null-case handling-behavior-behavior","         */","            onError(null, options);","        };","","        // run tests","        local.nop(local.modeTest &&","            document.querySelector('#testRunButton1') &&","            document.querySelector('#testRunButton1').click());","        break;","","","","    // run node js-env code - init-after","    /* istanbul ignore next */","    case 'node':","        local.testCase_buildApidoc_default = local.testCase_buildApidoc_default || function (","            options,","            onError","        ) {","        /*","         * this function will test buildApidoc's default handling-behavior-behavior","         */","            options = { modulePathList: module.paths };","            local.buildApidoc(options, onError);","        };","","        local.testCase_buildApp_default = local.testCase_buildApp_default || function (","            options,","            onError","        ) {","        /*","         * this function will test buildApp's default handling-behavior-behavior","         */","            local.testCase_buildReadme_default(options, local.onErrorThrow);","            local.testCase_buildLib_default(options, local.onErrorThrow);","            local.testCase_buildTest_default(options, local.onErrorThrow);","            local.testCase_buildCustomOrg_default(options, local.onErrorThrow);","            options = [];","            local.buildApp(options, onError);","        };","","        local.testCase_buildCustomOrg_default = local.testCase_buildCustomOrg_default ||","            function (options, onError) {","            /*","             * this function will test buildCustomOrg's default handling-behavior","             */","                options = {};","                local.buildCustomOrg(options, onError);","            };","","        local.testCase_buildLib_default = local.testCase_buildLib_default || function (","            options,","            onError","        ) {","        /*","         * this function will test buildLib's default handling-behavior","         */","            options = {};","            local.buildLib(options, onError);","        };","","        local.testCase_buildReadme_default = local.testCase_buildReadme_default || function (","            options,","            onError","        ) {","        /*","         * this function will test buildReadme's default handling-behavior-behavior","         */","            options = {};","            local.buildReadme(options, onError);","        };","","        local.testCase_buildTest_default = local.testCase_buildTest_default || function (","            options,","            onError","        ) {","        /*","         * this function will test buildTest's default handling-behavior","         */","            options = {};","            local.buildTest(options, onError);","        };","","        local.testCase_webpage_default = local.testCase_webpage_default || function (","            options,","            onError","        ) {","        /*","         * this function will test webpage's default handling-behavior","         */","            options = { modeCoverageMerge: true, url: local.serverLocalHost + '?modeTest=1' };","            local.browserTest(options, onError);","        };","","        // run test-server","        local.testRunServer(local);","        break;","    }","}());",""],"l":{"12":2,"14":2,"19":2,"21":2,"23":2,"24":2,"25":2,"30":1,"37":2,"40":2,"43":1,"47":1,"50":1,"52":1,"55":2,"61":2,"62":2,"64":2,"70":1,"76":1,"82":2,"83":2,"85":2,"91":1,"98":1,"102":1,"105":1,"112":1,"119":1,"120":1,"123":1,"130":1,"131":1,"132":1,"133":1,"134":1,"135":1,"138":1,"143":2,"144":2,"147":1,"154":2,"155":2,"158":1,"165":2,"166":2,"169":1,"176":2,"177":2,"180":1,"187":1,"188":1,"192":1,"193":1}},"/home/travis/build/npmtest/node-npmtest-jquery-validation/lib.npmtest_jquery_validation.js":{"path":"/home/travis/build/npmtest/node-npmtest-jquery-validation/lib.npmtest_jquery_validation.js","s":{"1":2,"2":2,"3":2,"4":2,"5":2,"6":2,"7":2,"8":1,"9":2,"10":2,"11":2,"12":2,"13":1,"14":1,"15":1,"16":1},"b":{"1":[2,1,1,1],"2":[1,1,1,1],"3":[1,1],"4":[2,2],"5":[1,1]},"f":{"1":2,"2":2,"3":2},"fnMap":{"1":{"name":"(anonymous_1)","line":12,"loc":{"start":{"line":12,"column":1},"end":{"line":12,"column":13}}},"2":{"name":"(anonymous_2)","line":19,"loc":{"start":{"line":19,"column":5},"end":{"line":19,"column":17}}},"3":{"name":"(anonymous_3)","line":23,"loc":{"start":{"line":23,"column":24},"end":{"line":23,"column":36}}}},"statementMap":{"1":{"start":{"line":12,"column":0},"end":{"line":53,"column":5}},"2":{"start":{"line":14,"column":4},"end":{"line":14,"column":14}},"3":{"start":{"line":19,"column":4},"end":{"line":52,"column":9}},"4":{"start":{"line":21,"column":8},"end":{"line":21,"column":19}},"5":{"start":{"line":23,"column":8},"end":{"line":35,"column":13}},"6":{"start":{"line":24,"column":12},"end":{"line":34,"column":13}},"7":{"start":{"line":25,"column":16},"end":{"line":28,"column":30}},"8":{"start":{"line":30,"column":16},"end":{"line":33,"column":27}},"9":{"start":{"line":37,"column":8},"end":{"line":39,"column":21}},"10":{"start":{"line":41,"column":8},"end":{"line":41,"column":54}},"11":{"start":{"line":43,"column":8},"end":{"line":43,"column":62}},"12":{"start":{"line":45,"column":8},"end":{"line":51,"column":9}},"13":{"start":{"line":46,"column":12},"end":{"line":46,"column":68}},"14":{"start":{"line":48,"column":12},"end":{"line":48,"column":35}},"15":{"start":{"line":49,"column":12},"end":{"line":49,"column":49}},"16":{"start":{"line":50,"column":12},"end":{"line":50,"column":43}}},"branchMap":{"1":{"line":25,"type":"binary-expr","locations":[{"start":{"line":25,"column":23},"end":{"line":25,"column":62}},{"start":{"line":26,"column":20},"end":{"line":26,"column":70}},{"start":{"line":27,"column":20},"end":{"line":27,"column":71}},{"start":{"line":28,"column":20},"end":{"line":28,"column":29}}]},"2":{"line":30,"type":"binary-expr","locations":[{"start":{"line":30,"column":23},"end":{"line":30,"column":37}},{"start":{"line":31,"column":20},"end":{"line":31,"column":61}},{"start":{"line":32,"column":20},"end":{"line":32,"column":70}},{"start":{"line":33,"column":20},"end":{"line":33,"column":26}}]},"3":{"line":37,"type":"cond-expr","locations":[{"start":{"line":38,"column":14},"end":{"line":38,"column":20}},{"start":{"line":39,"column":14},"end":{"line":39,"column":20}}]},"4":{"line":41,"type":"binary-expr","locations":[{"start":{"line":41,"column":16},"end":{"line":41,"column":44}},{"start":{"line":41,"column":48},"end":{"line":41,"column":53}}]},"5":{"line":45,"type":"if","locations":[{"start":{"line":45,"column":8},"end":{"line":45,"column":8}},{"start":{"line":45,"column":8},"end":{"line":45,"column":8}}]}},"code":["/* istanbul instrument in package npmtest_jquery_validation */","/*jslint","    bitwise: true,","    browser: true,","    maxerr: 8,","    maxlen: 96,","    node: true,","    nomen: true,","    regexp: true,","    stupid: true","*/","(function () {","    'use strict';","    var local;","","","","    // run shared js-env code - init-before","    (function () {","        // init local","        local = {};","        // init modeJs","        local.modeJs = (function () {","            try {","                return typeof navigator.userAgent === 'string' &&","                    typeof document.querySelector('body') === 'object' &&","                    typeof XMLHttpRequest.prototype.open === 'function' &&","                    'browser';","            } catch (errorCaughtBrowser) {","                return module.exports &&","                    typeof process.versions.node === 'string' &&","                    typeof require('http').createServer === 'function' &&","                    'node';","            }","        }());","        // init global","        local.global = local.modeJs === 'browser'","            ? window","            : global;","        // init utility2_rollup","        local = local.global.utility2_rollup || local;","        // init lib","        local.local = local.npmtest_jquery_validation = local;","        // init exports","        if (local.modeJs === 'browser') {","            local.global.utility2_npmtest_jquery_validation = local;","        } else {","            module.exports = local;","            module.exports.__dirname = __dirname;","            module.exports.module = module;","        }","    }());","}());",""],"l":{"12":2,"14":2,"19":2,"21":2,"23":2,"24":2,"25":2,"30":1,"37":2,"41":2,"43":2,"45":2,"46":1,"48":1,"49":1,"50":1}},"/home/travis/build/npmtest/node-npmtest-jquery-validation/example.js":{"path":"/home/travis/build/npmtest/node-npmtest-jquery-validation/example.js","s":{"1":2,"2":2,"3":2,"4":2,"5":2,"6":2,"7":2,"8":1,"9":2,"10":2,"11":2,"12":2,"13":1,"14":2,"15":2,"16":2,"17":2,"18":2,"19":0,"20":2,"21":1,"22":1,"23":1,"24":1,"25":1,"26":0,"27":0,"28":1,"29":1,"30":2,"31":0,"32":0,"33":0,"34":1,"35":2,"36":2,"37":3,"38":3,"39":3,"40":3,"41":0,"42":3,"43":3,"44":3,"45":1,"46":3,"47":1,"48":1,"49":1,"50":1,"51":1,"52":1,"53":1,"54":1,"55":1,"56":1,"57":0,"58":1,"59":6,"60":6,"61":1,"62":2,"63":0,"64":2,"65":1,"66":1,"67":0,"68":0,"69":0,"70":0,"71":0,"72":0,"73":0,"74":0,"75":0,"76":0,"77":0,"78":0,"79":0,"80":0,"81":0,"82":0,"83":0},"b":{"1":[2,1,1,1],"2":[1,1,1,1],"3":[1,1],"4":[2,2],"5":[1,1],"6":[1,1],"7":[2,0],"8":[2,1,1,1,1,1],"9":[0,2,0],"10":[1,1],"11":[2,1,1],"12":[1,0],"13":[0,2],"14":[2,0,0,0,0,0,0],"15":[0,3],"16":[3,0],"17":[1,1],"18":[0,1],"19":[1,2,0,2],"20":[1,0],"21":[1,1],"22":[0,0],"23":[0,0],"24":[0,0],"25":[0,0],"26":[0,0],"27":[0,0],"28":[0,0]},"f":{"1":2,"2":2,"3":2,"4":2,"5":2,"6":2,"7":3,"8":3,"9":3,"10":1,"11":6,"12":0},"fnMap":{"1":{"name":"(anonymous_1)","line":26,"loc":{"start":{"line":26,"column":1},"end":{"line":26,"column":13}}},"2":{"name":"(anonymous_2)","line":33,"loc":{"start":{"line":33,"column":5},"end":{"line":33,"column":17}}},"3":{"name":"(anonymous_3)","line":37,"loc":{"start":{"line":37,"column":24},"end":{"line":37,"column":36}}},"4":{"name":"(anonymous_4)","line":69,"loc":{"start":{"line":69,"column":31},"end":{"line":69,"column":48}},"skip":true},"5":{"name":"(anonymous_5)","line":78,"loc":{"start":{"line":78,"column":26},"end":{"line":78,"column":45}},"skip":true},"6":{"name":"(anonymous_6)","line":123,"loc":{"start":{"line":123,"column":33},"end":{"line":123,"column":48}},"skip":true},"7":{"name":"(anonymous_7)","line":125,"loc":{"start":{"line":125,"column":27},"end":{"line":125,"column":39}},"skip":true},"8":{"name":"(anonymous_8)","line":133,"loc":{"start":{"line":133,"column":59},"end":{"line":133,"column":74}},"skip":true},"9":{"name":"(anonymous_9)","line":143,"loc":{"start":{"line":143,"column":45},"end":{"line":143,"column":62}},"skip":true},"10":{"name":"(anonymous_10)","line":144,"loc":{"start":{"line":144,"column":73},"end":{"line":144,"column":92}},"skip":true},"11":{"name":"(anonymous_11)","line":272,"loc":{"start":{"line":272,"column":51},"end":{"line":272,"column":77}},"skip":true},"12":{"name":"(anonymous_12)","line":315,"loc":{"start":{"line":315,"column":32},"end":{"line":315,"column":61}},"skip":true}},"statementMap":{"1":{"start":{"line":26,"column":0},"end":{"line":326,"column":5}},"2":{"start":{"line":28,"column":4},"end":{"line":28,"column":14}},"3":{"start":{"line":33,"column":4},"end":{"line":60,"column":9}},"4":{"start":{"line":35,"column":8},"end":{"line":35,"column":19}},"5":{"start":{"line":37,"column":8},"end":{"line":49,"column":13}},"6":{"start":{"line":38,"column":12},"end":{"line":48,"column":13}},"7":{"start":{"line":39,"column":16},"end":{"line":42,"column":30}},"8":{"start":{"line":44,"column":16},"end":{"line":47,"column":27}},"9":{"start":{"line":51,"column":8},"end":{"line":53,"column":21}},"10":{"start":{"line":55,"column":8},"end":{"line":57,"column":45}},"11":{"start":{"line":59,"column":8},"end":{"line":59,"column":35}},"12":{"start":{"line":61,"column":4},"end":{"line":325,"column":5}},"13":{"start":{"line":69,"column":8},"end":{"line":121,"column":10},"skip":true},"14":{"start":{"line":70,"column":12},"end":{"line":88,"column":13},"skip":true},"15":{"start":{"line":76,"column":16},"end":{"line":87,"column":19},"skip":true},"16":{"start":{"line":79,"column":20},"end":{"line":86,"column":21},"skip":true},"17":{"start":{"line":82,"column":24},"end":{"line":82,"column":43},"skip":true},"18":{"start":{"line":83,"column":24},"end":{"line":83,"column":30},"skip":true},"19":{"start":{"line":85,"column":24},"end":{"line":85,"column":49},"skip":true},"20":{"start":{"line":89,"column":12},"end":{"line":107,"column":13},"skip":true},"21":{"start":{"line":92,"column":16},"end":{"line":102,"column":17},"skip":true},"22":{"start":{"line":93,"column":20},"end":{"line":93,"column":86},"skip":true},"23":{"start":{"line":94,"column":20},"end":{"line":95,"column":45},"skip":true},"24":{"start":{"line":96,"column":20},"end":{"line":96,"column":42},"skip":true},"25":{"start":{"line":97,"column":20},"end":{"line":97,"column":48},"skip":true},"26":{"start":{"line":100,"column":20},"end":{"line":100,"column":85},"skip":true},"27":{"start":{"line":101,"column":20},"end":{"line":101,"column":96},"skip":true},"28":{"start":{"line":103,"column":16},"end":{"line":103,"column":22},"skip":true},"29":{"start":{"line":106,"column":16},"end":{"line":106,"column":22},"skip":true},"30":{"start":{"line":108,"column":12},"end":{"line":120,"column":13},"skip":true},"31":{"start":{"line":114,"column":16},"end":{"line":119,"column":17},"skip":true},"32":{"start":{"line":116,"column":20},"end":{"line":116,"column":78},"skip":true},"33":{"start":{"line":118,"column":20},"end":{"line":118,"column":47},"skip":true},"34":{"start":{"line":123,"column":8},"end":{"line":141,"column":11},"skip":true},"35":{"start":{"line":124,"column":12},"end":{"line":124,"column":54},"skip":true},"36":{"start":{"line":125,"column":12},"end":{"line":140,"column":14},"skip":true},"37":{"start":{"line":126,"column":16},"end":{"line":126,"column":28},"skip":true},"38":{"start":{"line":127,"column":16},"end":{"line":127,"column":69},"skip":true},"39":{"start":{"line":128,"column":16},"end":{"line":128,"column":75},"skip":true},"40":{"start":{"line":129,"column":16},"end":{"line":131,"column":17},"skip":true},"41":{"start":{"line":130,"column":20},"end":{"line":130,"column":27},"skip":true},"42":{"start":{"line":133,"column":16},"end":{"line":137,"column":36},"skip":true},"43":{"start":{"line":134,"column":20},"end":{"line":136,"column":55},"skip":true},"44":{"start":{"line":139,"column":16},"end":{"line":139,"column":57},"skip":true},"45":{"start":{"line":143,"column":8},"end":{"line":147,"column":11},"skip":true},"46":{"start":{"line":144,"column":12},"end":{"line":146,"column":15},"skip":true},"47":{"start":{"line":145,"column":16},"end":{"line":145,"column":70},"skip":true},"48":{"start":{"line":149,"column":8},"end":{"line":149,"column":31},"skip":true},"49":{"start":{"line":150,"column":8},"end":{"line":150,"column":14},"skip":true},"50":{"start":{"line":158,"column":8},"end":{"line":158,"column":31},"skip":true},"51":{"start":{"line":160,"column":8},"end":{"line":160,"column":33},"skip":true},"52":{"start":{"line":161,"column":8},"end":{"line":161,"column":37},"skip":true},"53":{"start":{"line":162,"column":8},"end":{"line":162,"column":35},"skip":true},"54":{"start":{"line":164,"column":8},"end":{"line":164,"column":50},"skip":true},"55":{"start":{"line":166,"column":8},"end":{"line":256,"column":2},"skip":true},"56":{"start":{"line":258,"column":8},"end":{"line":286,"column":9},"skip":true},"57":{"start":{"line":259,"column":12},"end":{"line":269,"column":14},"skip":true},"58":{"start":{"line":271,"column":12},"end":{"line":285,"column":19},"skip":true},"59":{"start":{"line":274,"column":20},"end":{"line":274,"column":35},"skip":true},"60":{"start":{"line":275,"column":20},"end":{"line":284,"column":21},"skip":true},"61":{"start":{"line":277,"column":24},"end":{"line":277,"column":64},"skip":true},"62":{"start":{"line":279,"column":24},"end":{"line":279,"column":40},"skip":true},"63":{"start":{"line":281,"column":24},"end":{"line":281,"column":40},"skip":true},"64":{"start":{"line":283,"column":24},"end":{"line":283,"column":39},"skip":true},"65":{"start":{"line":288,"column":8},"end":{"line":290,"column":9},"skip":true},"66":{"start":{"line":289,"column":12},"end":{"line":289,"column":18},"skip":true},"67":{"start":{"line":291,"column":8},"end":{"line":293,"column":54},"skip":true},"68":{"start":{"line":296,"column":8},"end":{"line":301,"column":37},"skip":true},"69":{"start":{"line":303,"column":8},"end":{"line":303,"column":82},"skip":true},"70":{"start":{"line":306,"column":8},"end":{"line":308,"column":9},"skip":true},"71":{"start":{"line":307,"column":12},"end":{"line":307,"column":82},"skip":true},"72":{"start":{"line":310,"column":8},"end":{"line":312,"column":9},"skip":true},"73":{"start":{"line":311,"column":12},"end":{"line":311,"column":18},"skip":true},"74":{"start":{"line":313,"column":8},"end":{"line":313,"column":54},"skip":true},"75":{"start":{"line":314,"column":8},"end":{"line":314,"column":69},"skip":true},"76":{"start":{"line":315,"column":8},"end":{"line":323,"column":36},"skip":true},"77":{"start":{"line":316,"column":12},"end":{"line":316,"column":61},"skip":true},"78":{"start":{"line":317,"column":12},"end":{"line":320,"column":13},"skip":true},"79":{"start":{"line":318,"column":16},"end":{"line":318,"column":75},"skip":true},"80":{"start":{"line":319,"column":16},"end":{"line":319,"column":23},"skip":true},"81":{"start":{"line":321,"column":12},"end":{"line":321,"column":38},"skip":true},"82":{"start":{"line":322,"column":12},"end":{"line":322,"column":27},"skip":true},"83":{"start":{"line":324,"column":8},"end":{"line":324,"column":14},"skip":true}},"branchMap":{"1":{"line":39,"type":"binary-expr","locations":[{"start":{"line":39,"column":23},"end":{"line":39,"column":62}},{"start":{"line":40,"column":20},"end":{"line":40,"column":70}},{"start":{"line":41,"column":20},"end":{"line":41,"column":71}},{"start":{"line":42,"column":20},"end":{"line":42,"column":29}}]},"2":{"line":44,"type":"binary-expr","locations":[{"start":{"line":44,"column":23},"end":{"line":44,"column":37}},{"start":{"line":45,"column":20},"end":{"line":45,"column":61}},{"start":{"line":46,"column":20},"end":{"line":46,"column":70}},{"start":{"line":47,"column":20},"end":{"line":47,"column":26}}]},"3":{"line":51,"type":"cond-expr","locations":[{"start":{"line":52,"column":14},"end":{"line":52,"column":20}},{"start":{"line":53,"column":14},"end":{"line":53,"column":20}}]},"4":{"line":55,"type":"binary-expr","locations":[{"start":{"line":55,"column":16},"end":{"line":55,"column":44}},{"start":{"line":55,"column":49},"end":{"line":57,"column":43}}]},"5":{"line":55,"type":"cond-expr","locations":[{"start":{"line":56,"column":14},"end":{"line":56,"column":61}},{"start":{"line":57,"column":14},"end":{"line":57,"column":43}}]},"6":{"line":61,"type":"switch","locations":[{"start":{"line":68,"column":4},"end":{"line":150,"column":14},"skip":true},{"start":{"line":156,"column":4},"end":{"line":324,"column":14},"skip":true}]},"7":{"line":70,"type":"if","locations":[{"start":{"line":70,"column":12},"end":{"line":70,"column":12},"skip":true},{"start":{"line":70,"column":12},"end":{"line":70,"column":12},"skip":true}]},"8":{"line":70,"type":"binary-expr","locations":[{"start":{"line":70,"column":16},"end":{"line":70,"column":22},"skip":true},{"start":{"line":70,"column":27},"end":{"line":70,"column":32},"skip":true},{"start":{"line":71,"column":20},"end":{"line":71,"column":39},"skip":true},{"start":{"line":72,"column":20},"end":{"line":72,"column":49},"skip":true},{"start":{"line":73,"column":20},"end":{"line":73,"column":58},"skip":true},{"start":{"line":74,"column":20},"end":{"line":74,"column":69},"skip":true}]},"9":{"line":79,"type":"switch","locations":[{"start":{"line":80,"column":20},"end":{"line":80,"column":33},"skip":true},{"start":{"line":81,"column":20},"end":{"line":83,"column":30},"skip":true},{"start":{"line":84,"column":20},"end":{"line":85,"column":49},"skip":true}]},"10":{"line":89,"type":"switch","locations":[{"start":{"line":90,"column":12},"end":{"line":103,"column":22},"skip":true},{"start":{"line":105,"column":12},"end":{"line":106,"column":22},"skip":true}]},"11":{"line":89,"type":"binary-expr","locations":[{"start":{"line":89,"column":20},"end":{"line":89,"column":25},"skip":true},{"start":{"line":89,"column":29},"end":{"line":89,"column":48},"skip":true},{"start":{"line":89,"column":52},"end":{"line":89,"column":74},"skip":true}]},"12":{"line":92,"type":"if","locations":[{"start":{"line":92,"column":16},"end":{"line":92,"column":16},"skip":true},{"start":{"line":92,"column":16},"end":{"line":92,"column":16},"skip":true}]},"13":{"line":108,"type":"if","locations":[{"start":{"line":108,"column":12},"end":{"line":108,"column":12},"skip":true},{"start":{"line":108,"column":12},"end":{"line":108,"column":12},"skip":true}]},"14":{"line":108,"type":"binary-expr","locations":[{"start":{"line":108,"column":16},"end":{"line":108,"column":61},"skip":true},{"start":{"line":108,"column":66},"end":{"line":108,"column":72},"skip":true},{"start":{"line":108,"column":77},"end":{"line":108,"column":82},"skip":true},{"start":{"line":109,"column":20},"end":{"line":109,"column":39},"skip":true},{"start":{"line":110,"column":20},"end":{"line":110,"column":49},"skip":true},{"start":{"line":111,"column":20},"end":{"line":111,"column":58},"skip":true},{"start":{"line":112,"column":20},"end":{"line":112,"column":68},"skip":true}]},"15":{"line":129,"type":"if","locations":[{"start":{"line":129,"column":16},"end":{"line":129,"column":16},"skip":true},{"start":{"line":129,"column":16},"end":{"line":129,"column":16},"skip":true}]},"16":{"line":134,"type":"cond-expr","locations":[{"start":{"line":135,"column":26},"end":{"line":135,"column":29},"skip":true},{"start":{"line":136,"column":26},"end":{"line":136,"column":54},"skip":true}]},"17":{"line":164,"type":"binary-expr","locations":[{"start":{"line":164,"column":27},"end":{"line":164,"column":43},"skip":true},{"start":{"line":164,"column":47},"end":{"line":164,"column":49},"skip":true}]},"18":{"line":258,"type":"if","locations":[{"start":{"line":258,"column":8},"end":{"line":258,"column":8},"skip":true},{"start":{"line":258,"column":8},"end":{"line":258,"column":8},"skip":true}]},"19":{"line":275,"type":"switch","locations":[{"start":{"line":276,"column":20},"end":{"line":277,"column":64},"skip":true},{"start":{"line":278,"column":20},"end":{"line":279,"column":40},"skip":true},{"start":{"line":280,"column":20},"end":{"line":281,"column":40},"skip":true},{"start":{"line":282,"column":20},"end":{"line":283,"column":39},"skip":true}]},"20":{"line":288,"type":"if","locations":[{"start":{"line":288,"column":8},"end":{"line":288,"column":8},"skip":true},{"start":{"line":288,"column":8},"end":{"line":288,"column":8},"skip":true}]},"21":{"line":288,"type":"binary-expr","locations":[{"start":{"line":288,"column":12},"end":{"line":288,"column":40},"skip":true},{"start":{"line":288,"column":44},"end":{"line":288,"column":67},"skip":true}]},"22":{"line":292,"type":"binary-expr","locations":[{"start":{"line":292,"column":12},"end":{"line":292,"column":50},"skip":true},{"start":{"line":293,"column":12},"end":{"line":293,"column":53},"skip":true}]},"23":{"line":297,"type":"binary-expr","locations":[{"start":{"line":297,"column":12},"end":{"line":297,"column":75},"skip":true},{"start":{"line":298,"column":12},"end":{"line":301,"column":36},"skip":true}]},"24":{"line":303,"type":"binary-expr","locations":[{"start":{"line":303,"column":43},"end":{"line":303,"column":75},"skip":true},{"start":{"line":303,"column":79},"end":{"line":303,"column":81},"skip":true}]},"25":{"line":306,"type":"if","locations":[{"start":{"line":306,"column":8},"end":{"line":306,"column":8},"skip":true},{"start":{"line":306,"column":8},"end":{"line":306,"column":8},"skip":true}]},"26":{"line":310,"type":"if","locations":[{"start":{"line":310,"column":8},"end":{"line":310,"column":8},"skip":true},{"start":{"line":310,"column":8},"end":{"line":310,"column":8},"skip":true}]},"27":{"line":313,"type":"binary-expr","locations":[{"start":{"line":313,"column":27},"end":{"line":313,"column":43},"skip":true},{"start":{"line":313,"column":47},"end":{"line":313,"column":53},"skip":true}]},"28":{"line":317,"type":"if","locations":[{"start":{"line":317,"column":12},"end":{"line":317,"column":12},"skip":true},{"start":{"line":317,"column":12},"end":{"line":317,"column":12},"skip":true}]}},"code":["/*","example.js","","quickstart example","","instruction","    1. save this script as example.js","    2. run the shell command:","        $ npm install npmtest-jquery-validation && PORT=8081 node example.js","    3. play with the browser-demo on http://127.0.0.1:8081","*/","","","","/* istanbul instrument in package npmtest_jquery_validation */","/*jslint","    bitwise: true,","    browser: true,","    maxerr: 8,","    maxlen: 96,","    node: true,","    nomen: true,","    regexp: true,","    stupid: true","*/","(function () {","    'use strict';","    var local;","","","","    // run shared js-env code - init-before","    (function () {","        // init local","        local = {};","        // init modeJs","        local.modeJs = (function () {","            try {","                return typeof navigator.userAgent === 'string' &&","                    typeof document.querySelector('body') === 'object' &&","                    typeof XMLHttpRequest.prototype.open === 'function' &&","                    'browser';","            } catch (errorCaughtBrowser) {","                return module.exports &&","                    typeof process.versions.node === 'string' &&","                    typeof require('http').createServer === 'function' &&","                    'node';","            }","        }());","        // init global","        local.global = local.modeJs === 'browser'","            ? window","            : global;","        // init utility2_rollup","        local = local.global.utility2_rollup || (local.modeJs === 'browser'","            ? local.global.utility2_npmtest_jquery_validation","            : global.utility2_moduleExports);","        // export local","        local.global.local = local;","    }());","    switch (local.modeJs) {","","","","    // init-after","    // run browser js-env code - init-after","    /* istanbul ignore next */","    case 'browser':","        local.testRunBrowser = function (event) {","            if (!event || (event &&","                    event.currentTarget &&","                    event.currentTarget.className &&","                    event.currentTarget.className.includes &&","                    event.currentTarget.className.includes('onreset'))) {","                // reset output","                Array.from(","                    document.querySelectorAll('body > .resettable')","                ).forEach(function (element) {","                    switch (element.tagName) {","                    case 'INPUT':","                    case 'TEXTAREA':","                        element.value = '';","                        break;","                    default:","                        element.textContent = '';","                    }","                });","            }","            switch (event && event.currentTarget && event.currentTarget.id) {","            case 'testRunButton1':","                // show tests","                if (document.querySelector('#testReportDiv1').style.display === 'none') {","                    document.querySelector('#testReportDiv1').style.display = 'block';","                    document.querySelector('#testRunButton1').textContent =","                        'hide internal test';","                    local.modeTest = true;","                    local.testRunDefault(local);","                // hide tests","                } else {","                    document.querySelector('#testReportDiv1').style.display = 'none';","                    document.querySelector('#testRunButton1').textContent = 'run internal test';","                }","                break;","            // custom-case","            default:","                break;","            }","            if (document.querySelector('#inputTextareaEval1') && (!event || (event &&","                    event.currentTarget &&","                    event.currentTarget.className &&","                    event.currentTarget.className.includes &&","                    event.currentTarget.className.includes('oneval')))) {","                // try to eval input-code","                try {","                    /*jslint evil: true*/","                    eval(document.querySelector('#inputTextareaEval1').value);","                } catch (errorCaught) {","                    console.error(errorCaught);","                }","            }","        };","        // log stderr and stdout to #outputTextareaStdout1","        ['error', 'log'].forEach(function (key) {","            console[key + '_original'] = console[key];","            console[key] = function () {","                var element;","                console[key + '_original'].apply(console, arguments);","                element = document.querySelector('#outputTextareaStdout1');","                if (!element) {","                    return;","                }","                // append text to #outputTextareaStdout1","                element.value += Array.from(arguments).map(function (arg) {","                    return typeof arg === 'string'","                        ? arg","                        : JSON.stringify(arg, null, 4);","                }).join(' ') + '\\n';","                // scroll textarea to bottom","                element.scrollTop = element.scrollHeight;","            };","        });","        // init event-handling","        ['change', 'click', 'keyup'].forEach(function (event) {","            Array.from(document.querySelectorAll('.on' + event)).forEach(function (element) {","                element.addEventListener(event, local.testRunBrowser);","            });","        });","        // run tests","        local.testRunBrowser();","        break;","","","","    // run node js-env code - init-after","    /* istanbul ignore next */","    case 'node':","        // export local","        module.exports = local;","        // require modules","        local.fs = require('fs');","        local.http = require('http');","        local.url = require('url');","        // init assets","        local.assetsDict = local.assetsDict || {};","        /* jslint-ignore-begin */","        local.assetsDict['/assets.index.template.html'] = '\\","<!doctype html>\\n\\","<html lang=\"en\">\\n\\","<head>\\n\\","<meta charset=\"UTF-8\">\\n\\","<meta name=\"viewport\" content=\"width=device-width, initial-scale=1\">\\n\\","<title>{{env.npm_package_name}} (v{{env.npm_package_version}})</title>\\n\\","<style>\\n\\","/*csslint\\n\\","    box-sizing: false,\\n\\","    universal-selector: false\\n\\","*/\\n\\","* {\\n\\","    box-sizing: border-box;\\n\\","}\\n\\","body {\\n\\","    background: #dde;\\n\\","    font-family: Arial, Helvetica, sans-serif;\\n\\","    margin: 2rem;\\n\\","}\\n\\","body > * {\\n\\","    margin-bottom: 1rem;\\n\\","}\\n\\",".utility2FooterDiv {\\n\\","    margin-top: 20px;\\n\\","    text-align: center;\\n\\","}\\n\\","</style>\\n\\","<style>\\n\\","/*csslint\\n\\","*/\\n\\","textarea {\\n\\","    font-family: monospace;\\n\\","    height: 10rem;\\n\\","    width: 100%;\\n\\","}\\n\\","textarea[readonly] {\\n\\","    background: #ddd;\\n\\","}\\n\\","</style>\\n\\","</head>\\n\\","<body>\\n\\","<!-- utility2-comment\\n\\","<div id=\"ajaxProgressDiv1\" style=\"background: #d00; height: 2px; left: 0; margin: 0; padding: 0; position: fixed; top: 0; transition: background 0.5s, width 1.5s; width: 25%;\"></div>\\n\\","utility2-comment -->\\n\\","<h1>\\n\\","<!-- utility2-comment\\n\\","    <a\\n\\","        {{#if env.npm_package_homepage}}\\n\\","        href=\"{{env.npm_package_homepage}}\"\\n\\","        {{/if env.npm_package_homepage}}\\n\\","        target=\"_blank\"\\n\\","    >\\n\\","utility2-comment -->\\n\\","        {{env.npm_package_name}} (v{{env.npm_package_version}})\\n\\","<!-- utility2-comment\\n\\","    </a>\\n\\","utility2-comment -->\\n\\","</h1>\\n\\","<h3>{{env.npm_package_description}}</h3>\\n\\","<!-- utility2-comment\\n\\","<h4><a download href=\"assets.app.js\">download standalone app</a></h4>\\n\\","<button class=\"onclick onreset\" id=\"testRunButton1\">run internal test</button><br>\\n\\","<div id=\"testReportDiv1\" style=\"display: none;\"></div>\\n\\","utility2-comment -->\\n\\","\\n\\","\\n\\","\\n\\","<label>stderr and stdout</label>\\n\\","<textarea class=\"resettable\" id=\"outputTextareaStdout1\" readonly></textarea>\\n\\","<!-- utility2-comment\\n\\","{{#if isRollup}}\\n\\","<script src=\"assets.app.js\"></script>\\n\\","{{#unless isRollup}}\\n\\","utility2-comment -->\\n\\","<script src=\"assets.utility2.rollup.js\"></script>\\n\\","<script src=\"jsonp.utility2._stateInit?callback=window.utility2._stateInit\"></script>\\n\\","<script src=\"assets.npmtest_jquery_validation.rollup.js\"></script>\\n\\","<script src=\"assets.example.js\"></script>\\n\\","<script src=\"assets.test.js\"></script>\\n\\","<!-- utility2-comment\\n\\","{{/if isRollup}}\\n\\","utility2-comment -->\\n\\","<div class=\"utility2FooterDiv\">\\n\\","    [ this app was created with\\n\\","    <a href=\"https://github.com/kaizhu256/node-utility2\" target=\"_blank\">utility2</a>\\n\\","    ]\\n\\","</div>\\n\\","</body>\\n\\","</html>\\n\\","';","        /* jslint-ignore-end */","        if (local.templateRender) {","            local.assetsDict['/'] = local.templateRender(","                local.assetsDict['/assets.index.template.html'],","                {","                    env: local.objectSetDefault(local.env, {","                        npm_package_description: 'the greatest app in the world!',","                        npm_package_name: 'my-app',","                        npm_package_nameAlias: 'my_app',","                        npm_package_version: '0.0.1'","                    })","                }","            );","        } else {","            local.assetsDict['/'] = local.assetsDict['/assets.index.template.html']","                .replace((/\\{\\{env\\.(\\w+?)\\}\\}/g), function (match0, match1) {","                    // jslint-hack","                    String(match0);","                    switch (match1) {","                    case 'npm_package_description':","                        return 'the greatest app in the world!';","                    case 'npm_package_name':","                        return 'my-app';","                    case 'npm_package_nameAlias':","                        return 'my_app';","                    case 'npm_package_version':","                        return '0.0.1';","                    }","                });","        }","        // run the cli","        if (local.global.utility2_rollup || module !== require.main) {","            break;","        }","        local.assetsDict['/assets.example.js'] =","            local.assetsDict['/assets.example.js'] ||","            local.fs.readFileSync(__filename, 'utf8');","        // bug-workaround - long $npm_package_buildCustomOrg","        /* jslint-ignore-begin */","        local.assetsDict['/assets.npmtest_jquery_validation.rollup.js'] =","            local.assetsDict['/assets.npmtest_jquery_validation.rollup.js'] ||","            local.fs.readFileSync(","                local.npmtest_jquery_validation.__dirname + '/lib.npmtest_jquery_validation.js',","                'utf8'","            ).replace((/^#!/), '//');","        /* jslint-ignore-end */","        local.assetsDict['/favicon.ico'] = local.assetsDict['/favicon.ico'] || '';","        // if $npm_config_timeout_exit exists,","        // then exit this process after $npm_config_timeout_exit ms","        if (Number(process.env.npm_config_timeout_exit)) {","            setTimeout(process.exit, Number(process.env.npm_config_timeout_exit));","        }","        // start server","        if (local.global.utility2_serverHttp1) {","            break;","        }","        process.env.PORT = process.env.PORT || '8081';","        console.error('server starting on port ' + process.env.PORT);","        local.http.createServer(function (request, response) {","            request.urlParsed = local.url.parse(request.url);","            if (local.assetsDict[request.urlParsed.pathname] !== undefined) {","                response.end(local.assetsDict[request.urlParsed.pathname]);","                return;","            }","            response.statusCode = 404;","            response.end();","        }).listen(process.env.PORT);","        break;","    }","}());",""],"l":{"26":2,"28":2,"33":2,"35":2,"37":2,"38":2,"39":2,"44":1,"51":2,"55":2,"59":2,"61":2,"69":1,"70":2,"76":2,"79":2,"82":2,"83":2,"85":1,"89":2,"92":1,"93":1,"94":1,"96":1,"97":1,"100":1,"101":1,"103":1,"106":1,"108":2,"114":1,"116":1,"118":1,"123":1,"124":2,"125":2,"126":3,"127":3,"128":3,"129":3,"130":1,"133":3,"134":3,"139":3,"143":1,"144":3,"145":1,"149":1,"150":1,"158":1,"160":1,"161":1,"162":1,"164":1,"166":1,"258":1,"259":1,"271":1,"274":6,"275":6,"277":1,"279":2,"281":1,"283":2,"288":1,"289":1,"291":1,"296":1,"303":1,"306":1,"307":1,"310":1,"311":1,"313":1,"314":1,"315":1,"316":1,"317":1,"318":1,"319":1,"321":1,"322":1,"324":1}},"/home/travis/build/npmtest/node-npmtest-jquery-validation/node_modules/jquery-validation/dist/jquery.validate.js":{"path":"/home/travis/build/npmtest/node-npmtest-jquery-validation/node_modules/jquery-validation/dist/jquery.validate.js","s":{"1":2,"2":2,"3":0,"4":2,"5":2,"6":0,"7":2,"8":0,"9":0,"10":0,"11":0,"12":0,"13":0,"14":0,"15":0,"16":0,"17":0,"18":0,"19":0,"20":0,"21":0,"22":0,"23":0,"24":0,"25":0,"26":0,"27":0,"28":0,"29":1,"30":0,"31":0,"32":0,"33":0,"34":0,"35":0,"36":0,"37":0,"38":0,"39":0,"40":0,"41":0,"42":0,"43":0,"44":0,"45":0,"46":0,"47":0,"48":0,"49":0,"50":0,"51":0,"52":0,"53":0,"54":0,"55":0,"56":0,"57":0,"58":0,"59":0,"60":0,"61":0,"62":0,"63":0,"64":0,"65":0,"66":0,"67":0,"68":0,"69":0,"70":0,"71":0,"72":0,"73":0,"74":0,"75":0,"76":0,"77":0,"78":0,"79":0,"80":0,"81":0,"82":0,"83":0,"84":0,"85":0,"86":0,"87":0,"88":0,"89":0,"90":0,"91":0,"92":0,"93":0,"94":0,"95":0,"96":0,"97":0,"98":0,"99":0,"100":0,"101":0,"102":0,"103":0,"104":0,"105":0,"106":0,"107":0,"108":0,"109":0,"110":0,"111":0,"112":0,"113":0,"114":0,"115":0,"116":0,"117":0,"118":0,"119":0,"120":0,"121":0,"122":0,"123":0,"124":0,"125":0,"126":0,"127":0,"128":0,"129":0,"130":0,"131":0,"132":0,"133":0,"134":0,"135":0,"136":0,"137":0,"138":0,"139":0,"140":0,"141":0,"142":0,"143":0,"144":0,"145":0,"146":0,"147":0,"148":0,"149":0,"150":0,"151":0,"152":0,"153":0,"154":0,"155":0,"156":0,"157":0,"158":0,"159":0,"160":0,"161":0,"162":0,"163":0,"164":0,"165":0,"166":1,"167":0,"168":0,"169":0,"170":0,"171":0,"172":0,"173":0,"174":0,"175":0,"176":0,"177":0,"178":0,"179":0,"180":0,"181":0,"182":0,"183":0,"184":0,"185":0,"186":0,"187":0,"188":0,"189":0,"190":0,"191":0,"192":0,"193":0,"194":0,"195":0,"196":0,"197":0,"198":0,"199":0,"200":0,"201":0,"202":0,"203":0,"204":0,"205":0,"206":0,"207":0,"208":0,"209":0,"210":0,"211":0,"212":0,"213":0,"214":0,"215":0,"216":0,"217":0,"218":0,"219":0,"220":0,"221":0,"222":0,"223":0,"224":0,"225":0,"226":0,"227":0,"228":0,"229":0,"230":0,"231":0,"232":0,"233":0,"234":0,"235":0,"236":0,"237":0,"238":0,"239":0,"240":0,"241":0,"242":0,"243":0,"244":0,"245":0,"246":0,"247":0,"248":0,"249":0,"250":0,"251":0,"252":0,"253":0,"254":0,"255":0,"256":0,"257":0,"258":0,"259":0,"260":0,"261":0,"262":0,"263":0,"264":0,"265":0,"266":0,"267":0,"268":0,"269":0,"270":0,"271":0,"272":0,"273":0,"274":0,"275":0,"276":0,"277":0,"278":0,"279":0,"280":0,"281":0,"282":0,"283":0,"284":0,"285":0,"286":0,"287":0,"288":0,"289":0,"290":0,"291":0,"292":0,"293":0,"294":0,"295":0,"296":0,"297":0,"298":0,"299":0,"300":0,"301":0,"302":0,"303":0,"304":0,"305":0,"306":0,"307":0,"308":0,"309":0,"310":0,"311":0,"312":0,"313":0,"314":0,"315":0,"316":0,"317":0,"318":0,"319":0,"320":0,"321":0,"322":0,"323":0,"324":0,"325":0,"326":0,"327":0,"328":0,"329":0,"330":0,"331":0,"332":0,"333":0,"334":0,"335":0,"336":0,"337":0,"338":0,"339":0,"340":0,"341":0,"342":0,"343":0,"344":0,"345":0,"346":0,"347":0,"348":0,"349":0,"350":0,"351":0,"352":0,"353":0,"354":0,"355":0,"356":0,"357":0,"358":0,"359":0,"360":0,"361":0,"362":0,"363":0,"364":0,"365":0,"366":0,"367":0,"368":0,"369":0,"370":0,"371":0,"372":0,"373":0,"374":0,"375":0,"376":0,"377":0,"378":0,"379":0,"380":0,"381":0,"382":0,"383":0,"384":0,"385":0,"386":0,"387":0,"388":0,"389":0,"390":0,"391":0,"392":0,"393":0,"394":0,"395":0,"396":0,"397":0,"398":0,"399":0,"400":0,"401":0,"402":0,"403":0,"404":0,"405":0,"406":0,"407":0,"408":0,"409":0,"410":0,"411":0,"412":0,"413":0,"414":0,"415":0,"416":0,"417":0,"418":0,"419":0,"420":0,"421":0,"422":0,"423":0,"424":0,"425":0,"426":0,"427":0,"428":0,"429":0,"430":0,"431":0,"432":0,"433":0,"434":0,"435":0,"436":0,"437":0,"438":0,"439":0,"440":0,"441":0,"442":0,"443":0,"444":0,"445":0,"446":0,"447":0,"448":0,"449":0,"450":0,"451":0,"452":0,"453":0,"454":0,"455":0,"456":0,"457":0,"458":0,"459":0,"460":0,"461":0,"462":0,"463":0,"464":0,"465":0,"466":0,"467":0,"468":0,"469":0,"470":0,"471":0,"472":0,"473":0,"474":0,"475":0,"476":0,"477":0,"478":0,"479":0,"480":0,"481":0,"482":0,"483":0,"484":0,"485":0,"486":0,"487":0,"488":0,"489":0,"490":0,"491":0,"492":0,"493":0,"494":0,"495":0,"496":0,"497":0,"498":0,"499":0,"500":0,"501":0,"502":0,"503":0,"504":0,"505":0,"506":0,"507":0,"508":0,"509":0,"510":0,"511":0,"512":0,"513":0,"514":0,"515":0,"516":0,"517":0,"518":0,"519":0,"520":0,"521":0,"522":0,"523":0,"524":0,"525":0,"526":0,"527":0,"528":0,"529":0,"530":0,"531":0,"532":0,"533":0,"534":0,"535":0,"536":0,"537":0,"538":0,"539":0,"540":0,"541":0,"542":0,"543":0,"544":0,"545":0,"546":0,"547":0,"548":0,"549":0,"550":0,"551":0,"552":0,"553":0,"554":0,"555":0,"556":0,"557":0,"558":0,"559":0,"560":0,"561":0,"562":0,"563":0,"564":0,"565":0,"566":0,"567":0,"568":0,"569":0,"570":0,"571":0,"572":0,"573":0,"574":0,"575":0,"576":0,"577":0,"578":0,"579":0,"580":0,"581":0,"582":0,"583":0,"584":0,"585":0,"586":0,"587":0,"588":0,"589":0,"590":0,"591":0,"592":0,"593":0,"594":0,"595":0,"596":0,"597":0,"598":0,"599":0,"600":0,"601":0,"602":0,"603":0,"604":0,"605":0,"606":0,"607":0,"608":0,"609":0,"610":0,"611":0,"612":0,"613":0,"614":0,"615":0,"616":0,"617":0,"618":0,"619":0,"620":0,"621":0,"622":0,"623":0,"624":0,"625":0},"b":{"1":[0,2],"2":[2,0],"3":[2,0],"4":[2,2],"5":[0,0],"6":[0,0],"7":[0,0,0],"8":[0,0],"9":[0,0],"10":[0,0],"11":[0,0],"12":[0,0],"13":[0,0],"14":[0,0],"15":[0,0],"16":[0,0],"17":[0,0],"18":[0,0],"19":[0,0],"20":[0,0],"21":[0,0],"22":[0,0],"23":[0,0],"24":[0,0],"25":[0,0],"26":[0,0],"27":[0,0],"28":[0,0],"29":[0,0],"30":[0,0],"31":[0,0],"32":[0,0],"33":[0,0],"34":[0,0],"35":[0,0],"36":[0,0],"37":[0,0],"38":[0,0],"39":[0,0],"40":[0,0],"41":[0,0],"42":[0,0],"43":[0,0,0],"44":[0,0],"45":[0,0,0],"46":[0,0],"47":[0,0],"48":[0,0],"49":[0,0],"50":[0,0],"51":[0,0],"52":[0,0,0],"53":[0,0],"54":[0,0],"55":[0,0],"56":[0,0],"57":[0,0],"58":[0,0],"59":[0,0],"60":[0,0],"61":[0,0],"62":[0,0],"63":[0,0],"64":[0,0],"65":[0,0],"66":[0,0],"67":[0,0],"68":[0,0],"69":[0,0],"70":[0,0],"71":[0,0],"72":[0,0],"73":[0,0],"74":[0,0],"75":[0,0],"76":[0,0,0,0],"77":[0,0,0],"78":[0,0],"79":[0,0],"80":[0,0,0],"81":[0,0],"82":[0,0],"83":[0,0],"84":[0,0],"85":[0,0],"86":[0,0],"87":[0,0],"88":[0,0],"89":[0,0],"90":[0,0],"91":[0,0],"92":[0,0],"93":[0,0],"94":[0,0],"95":[0,0],"96":[0,0],"97":[0,0],"98":[0,0],"99":[0,0],"100":[0,0],"101":[0,0],"102":[0,0],"103":[0,0],"104":[0,0],"105":[0,0],"106":[0,0],"107":[0,0],"108":[0,0],"109":[0,0],"110":[0,0],"111":[0,0,0],"112":[0,0],"113":[0,0],"114":[0,0],"115":[0,0],"116":[0,0],"117":[0,0],"118":[0,0],"119":[0,0],"120":[0,0],"121":[0,0],"122":[0,0],"123":[0,0],"124":[0,0],"125":[0,0],"126":[0,0],"127":[0,0],"128":[0,0],"129":[0,0],"130":[0,0],"131":[0,0],"132":[0,0],"133":[0,0],"134":[0,0],"135":[0,0],"136":[0,0],"137":[0,0],"138":[0,0],"139":[0,0],"140":[0,0],"141":[0,0],"142":[0,0],"143":[0,0],"144":[0,0],"145":[0,0,0,0],"146":[0,0],"147":[0,0,0],"148":[0,0,0],"149":[0,0],"150":[0,0],"151":[0,0],"152":[0,0],"153":[0,0],"154":[0,0,0],"155":[0,0],"156":[0,0],"157":[0,0],"158":[0,0],"159":[0,0],"160":[0,0],"161":[0,0],"162":[0,0],"163":[0,0],"164":[0,0],"165":[0,0],"166":[0,0],"167":[0,0],"168":[0,0],"169":[0,0],"170":[0,0],"171":[0,0],"172":[0,0],"173":[0,0],"174":[0,0],"175":[0,0],"176":[0,0],"177":[0,0],"178":[0,0],"179":[0,0],"180":[0,0],"181":[0,0],"182":[0,0],"183":[0,0],"184":[0,0],"185":[0,0],"186":[0,0],"187":[0,0],"188":[0,0],"189":[0,0],"190":[0,0],"191":[0,0],"192":[0,0],"193":[0,0],"194":[0,0],"195":[0,0],"196":[0,0],"197":[0,0],"198":[0,0],"199":[0,0],"200":[0,0],"201":[0,0,0],"202":[0,0],"203":[0,0],"204":[0,0,0],"205":[0,0],"206":[0,0],"207":[0,0],"208":[0,0],"209":[0,0],"210":[0,0],"211":[0,0],"212":[0,0],"213":[0,0],"214":[0,0],"215":[0,0,0],"216":[0,0],"217":[0,0],"218":[0,0,0],"219":[0,0],"220":[0,0],"221":[0,0],"222":[0,0],"223":[0,0],"224":[0,0],"225":[0,0],"226":[0,0],"227":[0,0],"228":[0,0],"229":[0,0]},"f":{"1":2,"2":2,"3":0,"4":0,"5":0,"6":0,"7":0,"8":0,"9":0,"10":0,"11":0,"12":0,"13":0,"14":0,"15":0,"16":0,"17":0,"18":0,"19":0,"20":0,"21":0,"22":0,"23":0,"24":0,"25":0,"26":0,"27":0,"28":0,"29":0,"30":0,"31":0,"32":0,"33":0,"34":0,"35":0,"36":0,"37":0,"38":0,"39":0,"40":0,"41":0,"42":0,"43":0,"44":0,"45":0,"46":0,"47":0,"48":0,"49":0,"50":0,"51":0,"52":0,"53":0,"54":0,"55":0,"56":0,"57":0,"58":0,"59":0,"60":0,"61":0,"62":0,"63":0,"64":0,"65":0,"66":0,"67":0,"68":0,"69":0,"70":0,"71":0,"72":0,"73":0,"74":0,"75":0,"76":0,"77":0,"78":0,"79":0,"80":0,"81":0,"82":0,"83":0,"84":0,"85":0,"86":0,"87":0,"88":0,"89":0,"90":0,"91":0,"92":0,"93":0,"94":0,"95":0,"96":0,"97":0,"98":0,"99":0,"100":0,"101":0,"102":0,"103":0,"104":0,"105":0,"106":0,"107":0,"108":0,"109":0,"110":0,"111":0,"112":0,"113":0,"114":0,"115":0,"116":0,"117":0,"118":0,"119":0,"120":0,"121":0,"122":0,"123":0,"124":0},"fnMap":{"1":{"name":"(anonymous_1)","line":9,"loc":{"start":{"line":9,"column":1},"end":{"line":9,"column":21}}},"2":{"name":"(anonymous_2)","line":17,"loc":{"start":{"line":17,"column":2},"end":{"line":17,"column":16}}},"3":{"name":"(anonymous_3)","line":22,"loc":{"start":{"line":22,"column":11},"end":{"line":22,"column":31}}},"4":{"name":"(anonymous_4)","line":46,"loc":{"start":{"line":46,"column":41},"end":{"line":46,"column":59}}},"5":{"name":"(anonymous_5)","line":63,"loc":{"start":{"line":63,"column":31},"end":{"line":63,"column":49}}},"6":{"name":"handle","line":69,"loc":{"start":{"line":69,"column":4},"end":{"line":69,"column":22}}},"7":{"name":"(anonymous_7)","line":116,"loc":{"start":{"line":116,"column":8},"end":{"line":116,"column":19}}},"8":{"name":"(anonymous_8)","line":125,"loc":{"start":{"line":125,"column":14},"end":{"line":125,"column":25}}},"9":{"name":"(anonymous_9)","line":137,"loc":{"start":{"line":137,"column":8},"end":{"line":137,"column":38}}},"10":{"name":"(anonymous_10)","line":167,"loc":{"start":{"line":167,"column":36},"end":{"line":167,"column":62}}},"11":{"name":"(anonymous_11)","line":210,"loc":{"start":{"line":210,"column":8},"end":{"line":210,"column":22}}},"12":{"name":"(anonymous_12)","line":215,"loc":{"start":{"line":215,"column":9},"end":{"line":215,"column":23}}},"13":{"name":"(anonymous_13)","line":221,"loc":{"start":{"line":221,"column":12},"end":{"line":221,"column":26}}},"14":{"name":"(anonymous_14)","line":227,"loc":{"start":{"line":227,"column":14},"end":{"line":227,"column":40}}},"15":{"name":"(anonymous_15)","line":234,"loc":{"start":{"line":234,"column":21},"end":{"line":234,"column":48}}},"16":{"name":"(anonymous_16)","line":236,"loc":{"start":{"line":236,"column":9},"end":{"line":236,"column":20}}},"17":{"name":"(anonymous_17)","line":251,"loc":{"start":{"line":251,"column":17},"end":{"line":251,"column":34}}},"18":{"name":"(anonymous_18)","line":252,"loc":{"start":{"line":252,"column":65},"end":{"line":252,"column":76}}},"19":{"name":"(anonymous_19)","line":276,"loc":{"start":{"line":276,"column":13},"end":{"line":276,"column":33}}},"20":{"name":"(anonymous_20)","line":287,"loc":{"start":{"line":287,"column":14},"end":{"line":287,"column":34}}},"21":{"name":"(anonymous_21)","line":292,"loc":{"start":{"line":292,"column":11},"end":{"line":292,"column":38}}},"22":{"name":"(anonymous_22)","line":319,"loc":{"start":{"line":319,"column":11},"end":{"line":319,"column":31}}},"23":{"name":"(anonymous_23)","line":330,"loc":{"start":{"line":330,"column":13},"end":{"line":330,"column":57}}},"24":{"name":"(anonymous_24)","line":337,"loc":{"start":{"line":337,"column":15},"end":{"line":337,"column":59}}},"25":{"name":"(anonymous_25)","line":347,"loc":{"start":{"line":347,"column":14},"end":{"line":347,"column":35}}},"26":{"name":"(anonymous_26)","line":374,"loc":{"start":{"line":374,"column":8},"end":{"line":374,"column":19}}},"27":{"name":"(anonymous_27)","line":387,"loc":{"start":{"line":387,"column":33},"end":{"line":387,"column":56}}},"28":{"name":"(anonymous_28)","line":391,"loc":{"start":{"line":391,"column":19},"end":{"line":391,"column":43}}},"29":{"name":"(anonymous_29)","line":396,"loc":{"start":{"line":396,"column":18},"end":{"line":396,"column":41}}},"30":{"name":"delegate","line":400,"loc":{"start":{"line":400,"column":3},"end":{"line":400,"column":30}}},"31":{"name":"(anonymous_31)","line":436,"loc":{"start":{"line":436,"column":8},"end":{"line":436,"column":19}}},"32":{"name":"(anonymous_32)","line":447,"loc":{"start":{"line":447,"column":13},"end":{"line":447,"column":24}}},"33":{"name":"(anonymous_33)","line":456,"loc":{"start":{"line":456,"column":11},"end":{"line":456,"column":31}}},"34":{"name":"(anonymous_34)","line":473,"loc":{"start":{"line":473,"column":26},"end":{"line":473,"column":54}}},"35":{"name":"(anonymous_35)","line":507,"loc":{"start":{"line":507,"column":14},"end":{"line":507,"column":33}}},"36":{"name":"(anonymous_36)","line":513,"loc":{"start":{"line":513,"column":43},"end":{"line":513,"column":69}}},"37":{"name":"(anonymous_37)","line":521,"loc":{"start":{"line":521,"column":49},"end":{"line":521,"column":69}}},"38":{"name":"(anonymous_38)","line":533,"loc":{"start":{"line":533,"column":13},"end":{"line":533,"column":24}}},"39":{"name":"(anonymous_39)","line":548,"loc":{"start":{"line":548,"column":17},"end":{"line":548,"column":38}}},"40":{"name":"(anonymous_40)","line":564,"loc":{"start":{"line":564,"column":20},"end":{"line":564,"column":31}}},"41":{"name":"(anonymous_41)","line":568,"loc":{"start":{"line":568,"column":16},"end":{"line":568,"column":32}}},"42":{"name":"(anonymous_42)","line":580,"loc":{"start":{"line":580,"column":14},"end":{"line":580,"column":25}}},"43":{"name":"(anonymous_43)","line":584,"loc":{"start":{"line":584,"column":13},"end":{"line":584,"column":32}}},"44":{"name":"(anonymous_44)","line":589,"loc":{"start":{"line":589,"column":9},"end":{"line":589,"column":20}}},"45":{"name":"(anonymous_45)","line":593,"loc":{"start":{"line":593,"column":8},"end":{"line":593,"column":19}}},"46":{"name":"(anonymous_46)","line":597,"loc":{"start":{"line":597,"column":16},"end":{"line":597,"column":27}}},"47":{"name":"(anonymous_47)","line":613,"loc":{"start":{"line":613,"column":18},"end":{"line":613,"column":29}}},"48":{"name":"(anonymous_48)","line":615,"loc":{"start":{"line":615,"column":48},"end":{"line":615,"column":62}}},"49":{"name":"(anonymous_49)","line":620,"loc":{"start":{"line":620,"column":12},"end":{"line":620,"column":23}}},"50":{"name":"(anonymous_50)","line":629,"loc":{"start":{"line":629,"column":12},"end":{"line":629,"column":23}}},"51":{"name":"(anonymous_51)","line":650,"loc":{"start":{"line":650,"column":9},"end":{"line":650,"column":30}}},"52":{"name":"(anonymous_52)","line":654,"loc":{"start":{"line":654,"column":10},"end":{"line":654,"column":21}}},"53":{"name":"(anonymous_53)","line":659,"loc":{"start":{"line":659,"column":18},"end":{"line":659,"column":29}}},"54":{"name":"(anonymous_54)","line":667,"loc":{"start":{"line":667,"column":9},"end":{"line":667,"column":20}}},"55":{"name":"(anonymous_55)","line":672,"loc":{"start":{"line":672,"column":15},"end":{"line":672,"column":26}}},"56":{"name":"(anonymous_56)","line":677,"loc":{"start":{"line":677,"column":18},"end":{"line":677,"column":38}}},"57":{"name":"(anonymous_57)","line":682,"loc":{"start":{"line":682,"column":16},"end":{"line":682,"column":36}}},"58":{"name":"(anonymous_58)","line":729,"loc":{"start":{"line":729,"column":9},"end":{"line":729,"column":29}}},"59":{"name":"(anonymous_59)","line":733,"loc":{"start":{"line":733,"column":31},"end":{"line":733,"column":48}}},"60":{"name":"(anonymous_60)","line":801,"loc":{"start":{"line":801,"column":21},"end":{"line":801,"column":49}}},"61":{"name":"(anonymous_61)","line":807,"loc":{"start":{"line":807,"column":17},"end":{"line":807,"column":42}}},"62":{"name":"(anonymous_62)","line":813,"loc":{"start":{"line":813,"column":15},"end":{"line":813,"column":26}}},"63":{"name":"(anonymous_63)","line":831,"loc":{"start":{"line":831,"column":18},"end":{"line":831,"column":44}}},"64":{"name":"(anonymous_64)","line":855,"loc":{"start":{"line":855,"column":16},"end":{"line":855,"column":42}}},"65":{"name":"(anonymous_65)","line":868,"loc":{"start":{"line":868,"column":14},"end":{"line":868,"column":35}}},"66":{"name":"(anonymous_66)","line":875,"loc":{"start":{"line":875,"column":21},"end":{"line":875,"column":32}}},"67":{"name":"(anonymous_67)","line":902,"loc":{"start":{"line":902,"column":17},"end":{"line":902,"column":28}}},"68":{"name":"(anonymous_68)","line":906,"loc":{"start":{"line":906,"column":19},"end":{"line":906,"column":30}}},"69":{"name":"(anonymous_69)","line":907,"loc":{"start":{"line":907,"column":35},"end":{"line":907,"column":46}}},"70":{"name":"(anonymous_70)","line":912,"loc":{"start":{"line":912,"column":13},"end":{"line":912,"column":42}}},"71":{"name":"(anonymous_71)","line":974,"loc":{"start":{"line":974,"column":24},"end":{"line":974,"column":52}}},"72":{"name":"(anonymous_72)","line":994,"loc":{"start":{"line":994,"column":13},"end":{"line":994,"column":33}}},"73":{"name":"(anonymous_73)","line":1013,"loc":{"start":{"line":1013,"column":17},"end":{"line":1013,"column":36}}},"74":{"name":"(anonymous_74)","line":1017,"loc":{"start":{"line":1017,"column":12},"end":{"line":1017,"column":32}}},"75":{"name":"(anonymous_75)","line":1021,"loc":{"start":{"line":1021,"column":23},"end":{"line":1021,"column":43}}},"76":{"name":"(anonymous_76)","line":1032,"loc":{"start":{"line":1032,"column":13},"end":{"line":1032,"column":33}}},"77":{"name":"(anonymous_77)","line":1036,"loc":{"start":{"line":1036,"column":14},"end":{"line":1036,"column":31}}},"78":{"name":"(anonymous_78)","line":1040,"loc":{"start":{"line":1040,"column":13},"end":{"line":1040,"column":40}}},"79":{"name":"(anonymous_79)","line":1052,"loc":{"start":{"line":1052,"column":10},"end":{"line":1052,"column":37}}},"80":{"name":"(anonymous_80)","line":1057,"loc":{"start":{"line":1057,"column":14},"end":{"line":1057,"column":32}}},"81":{"name":"(anonymous_81)","line":1060,"loc":{"start":{"line":1060,"column":13},"end":{"line":1060,"column":40}}},"82":{"name":"(anonymous_82)","line":1063,"loc":{"start":{"line":1063,"column":15},"end":{"line":1063,"column":42}}},"83":{"name":"(anonymous_83)","line":1068,"loc":{"start":{"line":1068,"column":12},"end":{"line":1068,"column":32}}},"84":{"name":"(anonymous_84)","line":1073,"loc":{"start":{"line":1073,"column":16},"end":{"line":1073,"column":36}}},"85":{"name":"(anonymous_85)","line":1081,"loc":{"start":{"line":1081,"column":15},"end":{"line":1081,"column":42}}},"86":{"name":"(anonymous_86)","line":1099,"loc":{"start":{"line":1099,"column":17},"end":{"line":1099,"column":45}}},"87":{"name":"(anonymous_87)","line":1110,"loc":{"start":{"line":1110,"column":11},"end":{"line":1110,"column":22}}},"88":{"name":"(anonymous_88)","line":1134,"loc":{"start":{"line":1134,"column":16},"end":{"line":1134,"column":45}}},"89":{"name":"(anonymous_89)","line":1142,"loc":{"start":{"line":1142,"column":13},"end":{"line":1142,"column":33}}},"90":{"name":"(anonymous_90)","line":1147,"loc":{"start":{"line":1147,"column":33},"end":{"line":1147,"column":44}}},"91":{"name":"(anonymous_91)","line":1156,"loc":{"start":{"line":1156,"column":25},"end":{"line":1156,"column":64}}},"92":{"name":"(anonymous_92)","line":1179,"loc":{"start":{"line":1179,"column":17},"end":{"line":1179,"column":37}}},"93":{"name":"(anonymous_93)","line":1214,"loc":{"start":{"line":1214,"column":12},"end":{"line":1214,"column":32}}},"94":{"name":"(anonymous_94)","line":1227,"loc":{"start":{"line":1227,"column":14},"end":{"line":1227,"column":34}}},"95":{"name":"(anonymous_95)","line":1237,"loc":{"start":{"line":1237,"column":17},"end":{"line":1237,"column":44}}},"96":{"name":"(anonymous_96)","line":1240,"loc":{"start":{"line":1240,"column":17},"end":{"line":1240,"column":39}}},"97":{"name":"(anonymous_97)","line":1267,"loc":{"start":{"line":1267,"column":17},"end":{"line":1267,"column":45}}},"98":{"name":"(anonymous_98)","line":1272,"loc":{"start":{"line":1272,"column":40},"end":{"line":1272,"column":51}}},"99":{"name":"(anonymous_99)","line":1277,"loc":{"start":{"line":1277,"column":38},"end":{"line":1277,"column":49}}},"100":{"name":"(anonymous_100)","line":1308,"loc":{"start":{"line":1308,"column":16},"end":{"line":1308,"column":33}}},"101":{"name":"(anonymous_101)","line":1311,"loc":{"start":{"line":1311,"column":31},"end":{"line":1311,"column":42}}},"102":{"name":"(anonymous_102)","line":1320,"loc":{"start":{"line":1320,"column":12},"end":{"line":1320,"column":46}}},"103":{"name":"(anonymous_103)","line":1332,"loc":{"start":{"line":1332,"column":12},"end":{"line":1332,"column":46}}},"104":{"name":"(anonymous_104)","line":1351,"loc":{"start":{"line":1351,"column":9},"end":{"line":1351,"column":36}}},"105":{"name":"(anonymous_105)","line":1361,"loc":{"start":{"line":1361,"column":7},"end":{"line":1361,"column":34}}},"106":{"name":"(anonymous_106)","line":1371,"loc":{"start":{"line":1371,"column":8},"end":{"line":1371,"column":35}}},"107":{"name":"(anonymous_107)","line":1376,"loc":{"start":{"line":1376,"column":11},"end":{"line":1376,"column":38}}},"108":{"name":"(anonymous_108)","line":1381,"loc":{"start":{"line":1381,"column":10},"end":{"line":1381,"column":37}}},"109":{"name":"(anonymous_109)","line":1386,"loc":{"start":{"line":1386,"column":10},"end":{"line":1386,"column":37}}},"110":{"name":"(anonymous_110)","line":1391,"loc":{"start":{"line":1391,"column":13},"end":{"line":1391,"column":47}}},"111":{"name":"(anonymous_111)","line":1397,"loc":{"start":{"line":1397,"column":13},"end":{"line":1397,"column":47}}},"112":{"name":"(anonymous_112)","line":1403,"loc":{"start":{"line":1403,"column":15},"end":{"line":1403,"column":49}}},"113":{"name":"(anonymous_113)","line":1409,"loc":{"start":{"line":1409,"column":7},"end":{"line":1409,"column":41}}},"114":{"name":"(anonymous_114)","line":1414,"loc":{"start":{"line":1414,"column":7},"end":{"line":1414,"column":41}}},"115":{"name":"(anonymous_115)","line":1419,"loc":{"start":{"line":1419,"column":9},"end":{"line":1419,"column":43}}},"116":{"name":"(anonymous_116)","line":1424,"loc":{"start":{"line":1424,"column":8},"end":{"line":1424,"column":42}}},"117":{"name":"(anonymous_117)","line":1430,"loc":{"start":{"line":1430,"column":20},"end":{"line":1430,"column":36}}},"118":{"name":"(anonymous_118)","line":1439,"loc":{"start":{"line":1439,"column":12},"end":{"line":1439,"column":28}}},"119":{"name":"(anonymous_119)","line":1462,"loc":{"start":{"line":1462,"column":11},"end":{"line":1462,"column":45}}},"120":{"name":"(anonymous_120)","line":1467,"loc":{"start":{"line":1467,"column":76},"end":{"line":1467,"column":87}}},"121":{"name":"(anonymous_121)","line":1475,"loc":{"start":{"line":1475,"column":10},"end":{"line":1475,"column":52}}},"122":{"name":"(anonymous_122)","line":1508,"loc":{"start":{"line":1508,"column":13},"end":{"line":1508,"column":34}}},"123":{"name":"(anonymous_123)","line":1547,"loc":{"start":{"line":1547,"column":18},"end":{"line":1547,"column":47}}},"124":{"name":"(anonymous_124)","line":1560,"loc":{"start":{"line":1560,"column":10},"end":{"line":1560,"column":31}}}},"statementMap":{"1":{"start":{"line":9,"column":0},"end":{"line":1574,"column":4}},"2":{"start":{"line":10,"column":1},"end":{"line":16,"column":2}},"3":{"start":{"line":11,"column":2},"end":{"line":11,"column":32}},"4":{"start":{"line":12,"column":8},"end":{"line":16,"column":2}},"5":{"start":{"line":13,"column":2},"end":{"line":13,"column":50}},"6":{"start":{"line":15,"column":2},"end":{"line":15,"column":20}},"7":{"start":{"line":19,"column":0},"end":{"line":204,"column":4}},"8":{"start":{"line":25,"column":2},"end":{"line":30,"column":3}},"9":{"start":{"line":26,"column":3},"end":{"line":28,"column":4}},"10":{"start":{"line":27,"column":4},"end":{"line":27,"column":75}},"11":{"start":{"line":29,"column":3},"end":{"line":29,"column":10}},"12":{"start":{"line":33,"column":2},"end":{"line":33,"column":51}},"13":{"start":{"line":34,"column":2},"end":{"line":36,"column":3}},"14":{"start":{"line":35,"column":3},"end":{"line":35,"column":20}},"15":{"start":{"line":39,"column":2},"end":{"line":39,"column":42}},"16":{"start":{"line":41,"column":2},"end":{"line":41,"column":52}},"17":{"start":{"line":42,"column":2},"end":{"line":42,"column":46}},"18":{"start":{"line":44,"column":2},"end":{"line":110,"column":3}},"19":{"start":{"line":46,"column":3},"end":{"line":60,"column":7}},"20":{"start":{"line":47,"column":4},"end":{"line":49,"column":5}},"21":{"start":{"line":48,"column":5},"end":{"line":48,"column":43}},"22":{"start":{"line":52,"column":4},"end":{"line":54,"column":5}},"23":{"start":{"line":53,"column":5},"end":{"line":53,"column":35}},"24":{"start":{"line":57,"column":4},"end":{"line":59,"column":5}},"25":{"start":{"line":58,"column":5},"end":{"line":58,"column":35}},"26":{"start":{"line":63,"column":3},"end":{"line":109,"column":7}},"27":{"start":{"line":64,"column":4},"end":{"line":68,"column":5}},"28":{"start":{"line":67,"column":5},"end":{"line":67,"column":28}},"29":{"start":{"line":69,"column":4},"end":{"line":92,"column":5}},"30":{"start":{"line":70,"column":5},"end":{"line":70,"column":24}},"31":{"start":{"line":71,"column":5},"end":{"line":90,"column":6}},"32":{"start":{"line":72,"column":6},"end":{"line":79,"column":7}},"33":{"start":{"line":75,"column":7},"end":{"line":78,"column":43}},"34":{"start":{"line":80,"column":6},"end":{"line":80,"column":96}},"35":{"start":{"line":81,"column":6},"end":{"line":85,"column":7}},"36":{"start":{"line":84,"column":7},"end":{"line":84,"column":23}},"37":{"start":{"line":86,"column":6},"end":{"line":88,"column":7}},"38":{"start":{"line":87,"column":7},"end":{"line":87,"column":21}},"39":{"start":{"line":89,"column":6},"end":{"line":89,"column":19}},"40":{"start":{"line":91,"column":5},"end":{"line":91,"column":17}},"41":{"start":{"line":95,"column":4},"end":{"line":98,"column":5}},"42":{"start":{"line":96,"column":5},"end":{"line":96,"column":36}},"43":{"start":{"line":97,"column":5},"end":{"line":97,"column":21}},"44":{"start":{"line":99,"column":4},"end":{"line":108,"column":5}},"45":{"start":{"line":100,"column":5},"end":{"line":103,"column":6}},"46":{"start":{"line":101,"column":6},"end":{"line":101,"column":37}},"47":{"start":{"line":102,"column":6},"end":{"line":102,"column":19}},"48":{"start":{"line":104,"column":5},"end":{"line":104,"column":21}},"49":{"start":{"line":106,"column":5},"end":{"line":106,"column":30}},"50":{"start":{"line":107,"column":5},"end":{"line":107,"column":18}},"51":{"start":{"line":112,"column":2},"end":{"line":112,"column":19}},"52":{"start":{"line":117,"column":2},"end":{"line":117,"column":34}},"53":{"start":{"line":119,"column":2},"end":{"line":132,"column":3}},"54":{"start":{"line":120,"column":3},"end":{"line":120,"column":34}},"55":{"start":{"line":122,"column":3},"end":{"line":122,"column":18}},"56":{"start":{"line":123,"column":3},"end":{"line":123,"column":16}},"57":{"start":{"line":124,"column":3},"end":{"line":124,"column":46}},"58":{"start":{"line":125,"column":3},"end":{"line":130,"column":7}},"59":{"start":{"line":126,"column":4},"end":{"line":126,"column":47}},"60":{"start":{"line":127,"column":4},"end":{"line":129,"column":5}},"61":{"start":{"line":128,"column":5},"end":{"line":128,"column":57}},"62":{"start":{"line":131,"column":3},"end":{"line":131,"column":35}},"63":{"start":{"line":133,"column":2},"end":{"line":133,"column":15}},"64":{"start":{"line":138,"column":2},"end":{"line":139,"column":63}},"65":{"start":{"line":142,"column":2},"end":{"line":144,"column":3}},"66":{"start":{"line":143,"column":3},"end":{"line":143,"column":10}},"67":{"start":{"line":146,"column":2},"end":{"line":176,"column":3}},"68":{"start":{"line":147,"column":3},"end":{"line":147,"column":59}},"69":{"start":{"line":148,"column":3},"end":{"line":148,"column":32}},"70":{"start":{"line":149,"column":3},"end":{"line":149,"column":54}},"71":{"start":{"line":150,"column":3},"end":{"line":175,"column":4}},"72":{"start":{"line":152,"column":4},"end":{"line":152,"column":69}},"73":{"start":{"line":155,"column":4},"end":{"line":155,"column":34}},"74":{"start":{"line":156,"column":4},"end":{"line":156,"column":48}},"75":{"start":{"line":157,"column":4},"end":{"line":159,"column":5}},"76":{"start":{"line":158,"column":5},"end":{"line":158,"column":106}},"77":{"start":{"line":160,"column":4},"end":{"line":160,"column":10}},"78":{"start":{"line":162,"column":4},"end":{"line":165,"column":5}},"79":{"start":{"line":163,"column":5},"end":{"line":163,"column":40}},"80":{"start":{"line":164,"column":5},"end":{"line":164,"column":26}},"81":{"start":{"line":166,"column":4},"end":{"line":166,"column":18}},"82":{"start":{"line":167,"column":4},"end":{"line":173,"column":8}},"83":{"start":{"line":168,"column":5},"end":{"line":168,"column":50}},"84":{"start":{"line":169,"column":5},"end":{"line":169,"column":36}},"85":{"start":{"line":170,"column":5},"end":{"line":172,"column":6}},"86":{"start":{"line":171,"column":6},"end":{"line":171,"column":49}},"87":{"start":{"line":174,"column":4},"end":{"line":174,"column":20}},"88":{"start":{"line":178,"column":2},"end":{"line":185,"column":15}},"89":{"start":{"line":188,"column":2},"end":{"line":193,"column":3}},"90":{"start":{"line":189,"column":3},"end":{"line":189,"column":25}},"91":{"start":{"line":190,"column":3},"end":{"line":190,"column":24}},"92":{"start":{"line":191,"column":3},"end":{"line":191,"column":48}},"93":{"start":{"line":192,"column":3},"end":{"line":192,"column":48}},"94":{"start":{"line":196,"column":2},"end":{"line":200,"column":3}},"95":{"start":{"line":197,"column":3},"end":{"line":197,"column":23}},"96":{"start":{"line":198,"column":3},"end":{"line":198,"column":22}},"97":{"start":{"line":199,"column":3},"end":{"line":199,"column":46}},"98":{"start":{"line":202,"column":2},"end":{"line":202,"column":14}},"99":{"start":{"line":207,"column":0},"end":{"line":224
[...]
ttype = element.getAttribute( \"type\" ),","\t\t\tmethod, value;","","\t\tfor ( method in $.validator.methods ) {","","\t\t\t// Support for <input required> in both html5 and older browsers","\t\t\tif ( method === \"required\" ) {","\t\t\t\tvalue = element.getAttribute( method );","","\t\t\t\t// Some browsers return an empty string for the required attribute","\t\t\t\t// and non-HTML5 browsers might have required=\"\" markup","\t\t\t\tif ( value === \"\" ) {","\t\t\t\t\tvalue = true;","\t\t\t\t}","","\t\t\t\t// Force non-HTML5 browsers to return bool","\t\t\t\tvalue = !!value;","\t\t\t} else {","\t\t\t\tvalue = $element.attr( method );","\t\t\t}","","\t\t\tthis.normalizeAttributeRule( rules, type, method, value );","\t\t}","","\t\t// 'maxlength' may be returned as -1, 2147483647 ( IE ) and 524288 ( safari ) for text inputs","\t\tif ( rules.maxlength && /-1|2147483647|524288/.test( rules.maxlength ) ) {","\t\t\tdelete rules.maxlength;","\t\t}","","\t\treturn rules;","\t},","","\tdataRules: function( element ) {","\t\tvar rules = {},","\t\t\t$element = $( element ),","\t\t\ttype = element.getAttribute( \"type\" ),","\t\t\tmethod, value;","","\t\tfor ( method in $.validator.methods ) {","\t\t\tvalue = $element.data( \"rule\" + method.charAt( 0 ).toUpperCase() + method.substring( 1 ).toLowerCase() );","\t\t\tthis.normalizeAttributeRule( rules, type, method, value );","\t\t}","\t\treturn rules;","\t},","","\tstaticRules: function( element ) {","\t\tvar rules = {},","\t\t\tvalidator = $.data( element.form, \"validator\" );","","\t\tif ( validator.settings.rules ) {","\t\t\trules = $.validator.normalizeRule( validator.settings.rules[ element.name ] ) || {};","\t\t}","\t\treturn rules;","\t},","","\tnormalizeRules: function( rules, element ) {","","\t\t// Handle dependency check","\t\t$.each( rules, function( prop, val ) {","","\t\t\t// Ignore rule when param is explicitly false, eg. required:false","\t\t\tif ( val === false ) {","\t\t\t\tdelete rules[ prop ];","\t\t\t\treturn;","\t\t\t}","\t\t\tif ( val.param || val.depends ) {","\t\t\t\tvar keepRule = true;","\t\t\t\tswitch ( typeof val.depends ) {","\t\t\t\tcase \"string\":","\t\t\t\t\tkeepRule = !!$( val.depends, element.form ).length;","\t\t\t\t\tbreak;","\t\t\t\tcase \"function\":","\t\t\t\t\tkeepRule = val.depends.call( element, element );","\t\t\t\t\tbreak;","\t\t\t\t}","\t\t\t\tif ( keepRule ) {","\t\t\t\t\trules[ prop ] = val.param !== undefined ? val.param : true;","\t\t\t\t} else {","\t\t\t\t\t$.data( element.form, \"validator\" ).resetElements( $( element ) );","\t\t\t\t\tdelete rules[ prop ];","\t\t\t\t}","\t\t\t}","\t\t} );","","\t\t// Evaluate parameters","\t\t$.each( rules, function( rule, parameter ) {","\t\t\trules[ rule ] = $.isFunction( parameter ) && rule !== \"normalizer\" ? parameter( element ) : parameter;","\t\t} );","","\t\t// Clean number parameters","\t\t$.each( [ \"minlength\", \"maxlength\" ], function() {","\t\t\tif ( rules[ this ] ) {","\t\t\t\trules[ this ] = Number( rules[ this ] );","\t\t\t}","\t\t} );","\t\t$.each( [ \"rangelength\", \"range\" ], function() {","\t\t\tvar parts;","\t\t\tif ( rules[ this ] ) {","\t\t\t\tif ( $.isArray( rules[ this ] ) ) {","\t\t\t\t\trules[ this ] = [ Number( rules[ this ][ 0 ] ), Number( rules[ this ][ 1 ] ) ];","\t\t\t\t} else if ( typeof rules[ this ] === \"string\" ) {","\t\t\t\t\tparts = rules[ this ].replace( /[\\[\\]]/g, \"\" ).split( /[\\s,]+/ );","\t\t\t\t\trules[ this ] = [ Number( parts[ 0 ] ), Number( parts[ 1 ] ) ];","\t\t\t\t}","\t\t\t}","\t\t} );","","\t\tif ( $.validator.autoCreateRanges ) {","","\t\t\t// Auto-create ranges","\t\t\tif ( rules.min != null && rules.max != null ) {","\t\t\t\trules.range = [ rules.min, rules.max ];","\t\t\t\tdelete rules.min;","\t\t\t\tdelete rules.max;","\t\t\t}","\t\t\tif ( rules.minlength != null && rules.maxlength != null ) {","\t\t\t\trules.rangelength = [ rules.minlength, rules.maxlength ];","\t\t\t\tdelete rules.minlength;","\t\t\t\tdelete rules.maxlength;","\t\t\t}","\t\t}","","\t\treturn rules;","\t},","","\t// Converts a simple string to a {string: true} rule, e.g., \"required\" to {required:true}","\tnormalizeRule: function( data ) {","\t\tif ( typeof data === \"string\" ) {","\t\t\tvar transformed = {};","\t\t\t$.each( data.split( /\\s/ ), function() {","\t\t\t\ttransformed[ this ] = true;","\t\t\t} );","\t\t\tdata = transformed;","\t\t}","\t\treturn data;","\t},","","\t// http://jqueryvalidation.org/jQuery.validator.addMethod/","\taddMethod: function( name, method, message ) {","\t\t$.validator.methods[ name ] = method;","\t\t$.validator.messages[ name ] = message !== undefined ? message : $.validator.messages[ name ];","\t\tif ( method.length < 3 ) {","\t\t\t$.validator.addClassRules( name, $.validator.normalizeRule( name ) );","\t\t}","\t},","","\t// http://jqueryvalidation.org/jQuery.validator.methods/","\tmethods: {","","\t\t// http://jqueryvalidation.org/required-method/","\t\trequired: function( value, element, param ) {","","\t\t\t// Check if dependency is met","\t\t\tif ( !this.depend( param, element ) ) {","\t\t\t\treturn \"dependency-mismatch\";","\t\t\t}","\t\t\tif ( element.nodeName.toLowerCase() === \"select\" ) {","","\t\t\t\t// Could be an array for select-multiple or a string, both are fine this way","\t\t\t\tvar val = $( element ).val();","\t\t\t\treturn val && val.length > 0;","\t\t\t}","\t\t\tif ( this.checkable( element ) ) {","\t\t\t\treturn this.getLength( value, element ) > 0;","\t\t\t}","\t\t\treturn value.length > 0;","\t\t},","","\t\t// http://jqueryvalidation.org/email-method/","\t\temail: function( value, element ) {","","\t\t\t// From https://html.spec.whatwg.org/multipage/forms.html#valid-e-mail-address","\t\t\t// Retrieved 2014-01-14","\t\t\t// If you have a problem with this implementation, report a bug against the above spec","\t\t\t// Or use custom methods to implement your own email validation","\t\t\treturn this.optional( element ) || /^[a-zA-Z0-9.!#$%&'*+\\/=?^_`{|}~-]+@[a-zA-Z0-9](?:[a-zA-Z0-9-]{0,61}[a-zA-Z0-9])?(?:\\.[a-zA-Z0-9](?:[a-zA-Z0-9-]{0,61}[a-zA-Z0-9])?)*$/.test( value );","\t\t},","","\t\t// http://jqueryvalidation.org/url-method/","\t\turl: function( value, element ) {","","\t\t\t// Copyright (c) 2010-2013 Diego Perini, MIT licensed","\t\t\t// https://gist.github.com/dperini/729294","\t\t\t// see also https://mathiasbynens.be/demo/url-regex","\t\t\t// modified to allow protocol-relative URLs","\t\t\treturn this.optional( element ) || /^(?:(?:(?:https?|ftp):)?\\/\\/)(?:\\S+(?::\\S*)?@)?(?:(?!(?:10|127)(?:\\.\\d{1,3}){3})(?!(?:169\\.254|192\\.168)(?:\\.\\d{1,3}){2})(?!172\\.(?:1[6-9]|2\\d|3[0-1])(?:\\.\\d{1,3}){2})(?:[1-9]\\d?|1\\d\\d|2[01]\\d|22[0-3])(?:\\.(?:1?\\d{1,2}|2[0-4]\\d|25[0-5])){2}(?:\\.(?:[1-9]\\d?|1\\d\\d|2[0-4]\\d|25[0-4]))|(?:(?:[a-z\\u00a1-\\uffff0-9]-*)*[a-z\\u00a1-\\uffff0-9]+)(?:\\.(?:[a-z\\u00a1-\\uffff0-9]-*)*[a-z\\u00a1-\\uffff0-9]+)*(?:\\.(?:[a-z\\u00a1-\\uffff]{2,})).?)(?::\\d{2,5})?(?:[/?#]\\S*)?$/i.test( value );","\t\t},","","\t\t// http://jqueryvalidation.org/date-method/","\t\tdate: function( value, element ) {","\t\t\treturn this.optional( element ) || !/Invalid|NaN/.test( new Date( value ).toString() );","\t\t},","","\t\t// http://jqueryvalidation.org/dateISO-method/","\t\tdateISO: function( value, element ) {","\t\t\treturn this.optional( element ) || /^\\d{4}[\\/\\-](0?[1-9]|1[012])[\\/\\-](0?[1-9]|[12][0-9]|3[01])$/.test( value );","\t\t},","","\t\t// http://jqueryvalidation.org/number-method/","\t\tnumber: function( value, element ) {","\t\t\treturn this.optional( element ) || /^(?:-?\\d+|-?\\d{1,3}(?:,\\d{3})+)?(?:\\.\\d+)?$/.test( value );","\t\t},","","\t\t// http://jqueryvalidation.org/digits-method/","\t\tdigits: function( value, element ) {","\t\t\treturn this.optional( element ) || /^\\d+$/.test( value );","\t\t},","","\t\t// http://jqueryvalidation.org/minlength-method/","\t\tminlength: function( value, element, param ) {","\t\t\tvar length = $.isArray( value ) ? value.length : this.getLength( value, element );","\t\t\treturn this.optional( element ) || length >= param;","\t\t},","","\t\t// http://jqueryvalidation.org/maxlength-method/","\t\tmaxlength: function( value, element, param ) {","\t\t\tvar length = $.isArray( value ) ? value.length : this.getLength( value, element );","\t\t\treturn this.optional( element ) || length <= param;","\t\t},","","\t\t// http://jqueryvalidation.org/rangelength-method/","\t\trangelength: function( value, element, param ) {","\t\t\tvar length = $.isArray( value ) ? value.length : this.getLength( value, element );","\t\t\treturn this.optional( element ) || ( length >= param[ 0 ] && length <= param[ 1 ] );","\t\t},","","\t\t// http://jqueryvalidation.org/min-method/","\t\tmin: function( value, element, param ) {","\t\t\treturn this.optional( element ) || value >= param;","\t\t},","","\t\t// http://jqueryvalidation.org/max-method/","\t\tmax: function( value, element, param ) {","\t\t\treturn this.optional( element ) || value <= param;","\t\t},","","\t\t// http://jqueryvalidation.org/range-method/","\t\trange: function( value, element, param ) {","\t\t\treturn this.optional( element ) || ( value >= param[ 0 ] && value <= param[ 1 ] );","\t\t},","","\t\t// http://jqueryvalidation.org/step-method/","\t\tstep: function( value, element, param ) {","\t\t\tvar type = $( element ).attr( \"type\" ),","\t\t\t\terrorMessage = \"Step attribute on input type \" + type + \" is not supported.\",","\t\t\t\tsupportedTypes = [ \"text\", \"number\", \"range\" ],","\t\t\t\tre = new RegExp( \"\\\\b\" + type + \"\\\\b\" ),","\t\t\t\tnotSupported = type && !re.test( supportedTypes.join() ),","\t\t\t\tdecimalPlaces = function( num ) {","\t\t\t\t\tvar match = ( \"\" + num ).match( /(?:\\.(\\d+))?$/ );","\t\t\t\t\tif ( !match ) {","\t\t\t\t\t\treturn 0;","\t\t\t\t\t}","","\t\t\t\t\t// Number of digits right of decimal point.","\t\t\t\t\treturn match[ 1 ] ? match[ 1 ].length : 0;","\t\t\t\t},","\t\t\t\ttoInt = function( num ) {","\t\t\t\t\treturn Math.round( num * Math.pow( 10, decimals ) );","\t\t\t\t},","\t\t\t\tvalid = true,","\t\t\t\tdecimals;","","\t\t\t// Works only for text, number and range input types","\t\t\t// TODO find a way to support input types date, datetime, datetime-local, month, time and week","\t\t\tif ( notSupported ) {","\t\t\t\tthrow new Error( errorMessage );","\t\t\t}","","\t\t\tdecimals = decimalPlaces( param );","","\t\t\t// Value can't have too many decimals","\t\t\tif ( decimalPlaces( value ) > decimals || toInt( value ) % toInt( param ) !== 0 ) {","\t\t\t\tvalid = false;","\t\t\t}","","\t\t\treturn this.optional( element ) || valid;","\t\t},","","\t\t// http://jqueryvalidation.org/equalTo-method/","\t\tequalTo: function( value, element, param ) {","","\t\t\t// Bind to the blur event of the target in order to revalidate whenever the target field is updated","\t\t\tvar target = $( param );","\t\t\tif ( this.settings.onfocusout && target.not( \".validate-equalTo-blur\" ).length ) {","\t\t\t\ttarget.addClass( \"validate-equalTo-blur\" ).on( \"blur.validate-equalTo\", function() {","\t\t\t\t\t$( element ).valid();","\t\t\t\t} );","\t\t\t}","\t\t\treturn value === target.val();","\t\t},","","\t\t// http://jqueryvalidation.org/remote-method/","\t\tremote: function( value, element, param, method ) {","\t\t\tif ( this.optional( element ) ) {","\t\t\t\treturn \"dependency-mismatch\";","\t\t\t}","","\t\t\tmethod = typeof method === \"string\" && method || \"remote\";","","\t\t\tvar previous = this.previousValue( element, method ),","\t\t\t\tvalidator, data, optionDataString;","","\t\t\tif ( !this.settings.messages[ element.name ] ) {","\t\t\t\tthis.settings.messages[ element.name ] = {};","\t\t\t}","\t\t\tprevious.originalMessage = previous.originalMessage || this.settings.messages[ element.name ][ method ];","\t\t\tthis.settings.messages[ element.name ][ method ] = previous.message;","","\t\t\tparam = typeof param === \"string\" && { url: param } || param;","\t\t\toptionDataString = $.param( $.extend( { data: value }, param.data ) );","\t\t\tif ( previous.old === optionDataString ) {","\t\t\t\treturn previous.valid;","\t\t\t}","","\t\t\tprevious.old = optionDataString;","\t\t\tvalidator = this;","\t\t\tthis.startRequest( element );","\t\t\tdata = {};","\t\t\tdata[ element.name ] = value;","\t\t\t$.ajax( $.extend( true, {","\t\t\t\tmode: \"abort\",","\t\t\t\tport: \"validate\" + element.name,","\t\t\t\tdataType: \"json\",","\t\t\t\tdata: data,","\t\t\t\tcontext: validator.currentForm,","\t\t\t\tsuccess: function( response ) {","\t\t\t\t\tvar valid = response === true || response === \"true\",","\t\t\t\t\t\terrors, message, submitted;","","\t\t\t\t\tvalidator.settings.messages[ element.name ][ method ] = previous.originalMessage;","\t\t\t\t\tif ( valid ) {","\t\t\t\t\t\tsubmitted = validator.formSubmitted;","\t\t\t\t\t\tvalidator.resetInternals();","\t\t\t\t\t\tvalidator.toHide = validator.errorsFor( element );","\t\t\t\t\t\tvalidator.formSubmitted = submitted;","\t\t\t\t\t\tvalidator.successList.push( element );","\t\t\t\t\t\tvalidator.invalid[ element.name ] = false;","\t\t\t\t\t\tvalidator.showErrors();","\t\t\t\t\t} else {","\t\t\t\t\t\terrors = {};","\t\t\t\t\t\tmessage = response || validator.defaultMessage( element, { method: method, parameters: value } );","\t\t\t\t\t\terrors[ element.name ] = previous.message = message;","\t\t\t\t\t\tvalidator.invalid[ element.name ] = true;","\t\t\t\t\t\tvalidator.showErrors( errors );","\t\t\t\t\t}","\t\t\t\t\tprevious.valid = valid;","\t\t\t\t\tvalidator.stopRequest( element, valid );","\t\t\t\t}","\t\t\t}, param ) );","\t\t\treturn \"pending\";","\t\t}","\t}","","} );","","// Ajax mode: abort","// usage: $.ajax({ mode: \"abort\"[, port: \"uniqueport\"]});","// if mode:\"abort\" is used, the previous request on that port (port can be undefined) is aborted via XMLHttpRequest.abort()","","var pendingRequests = {},","\tajax;","","// Use a prefilter if available (1.5+)","if ( $.ajaxPrefilter ) {","\t$.ajaxPrefilter( function( settings, _, xhr ) {","\t\tvar port = settings.port;","\t\tif ( settings.mode === \"abort\" ) {","\t\t\tif ( pendingRequests[ port ] ) {","\t\t\t\tpendingRequests[ port ].abort();","\t\t\t}","\t\t\tpendingRequests[ port ] = xhr;","\t\t}","\t} );","} else {","","\t// Proxy ajax","\tajax = $.ajax;","\t$.ajax = function( settings ) {","\t\tvar mode = ( \"mode\" in settings ? settings : $.ajaxSettings ).mode,","\t\t\tport = ( \"port\" in settings ? settings : $.ajaxSettings ).port;","\t\tif ( mode === \"abort\" ) {","\t\t\tif ( pendingRequests[ port ] ) {","\t\t\t\tpendingRequests[ port ].abort();","\t\t\t}","\t\t\tpendingRequests[ port ] = ajax.apply( this, arguments );","\t\t\treturn pendingRequests[ port ];","\t\t}","\t\treturn ajax.apply( this, arguments );","\t};","}","return $;","}));"],"l":{"9":2,"10":2,"11":0,"12":2,"13":2,"15":0,"19":2,"25":0,"26":0,"27":0,"29":0,"33":0,"34":0,"35":0,"39":0,"41":0,"42":0,"44":0,"46":0,"47":0,"48":0,"52":0,"53":0,"57":0,"58":0,"63":0,"64":0,"67":0,"69":1,"70":0,"71":0,"72":0,"75":0,"80":0,"81":0,"84":0,"86":0,"87":0,"89":0,"91":0,"95":0,"96":0,"97":0,"99":0,"100":0,"101":0,"102":0,"104":0,"106":0,"107":0,"112":0,"117":0,"119":0,"120":0,"122":0,"123":0,"124":0,"125":0,"126":0,"127":0,"128":0,"131":0,"133":0,"138":0,"142":0,"143":0,"146":0,"147":0,"148":0,"149":0,"150":0,"152":0,"155":0,"156":0,"157":0,"158":0,"160":0,"162":0,"163":0,"164":0,"166":0,"167":0,"168":0,"169":0,"170":0,"171":0,"174":0,"178":0,"188":0,"189":0,"190":0,"191":0,"192":0,"196":0,"197":0,"198":0,"199":0,"202":0,"207":0,"211":0,"216":0,"217":0,"222":0,"227":0,"228":0,"229":0,"230":0,"234":0,"235":0,"236":0,"237":0,"238":0,"239":0,"242":0,"243":0,"245":0,"246":0,"248":0,"249":0,"251":0,"252":0,"253":0,"256":0,"259":0,"277":0,"280":0,"281":0,"282":0,"284":0,"288":0,"289":0,"308":0,"313":0,"314":0,"315":0,"316":0,"322":0,"323":0,"326":0,"327":0,"331":0,"332":0,"334":0,"338":0,"339":0,"341":0,"348":0,"375":0,"376":0,"377":0,"378":0,"379":0,"380":0,"381":0,"382":0,"383":0,"385":0,"387":0,"388":0,"389":0,"391":0,"392":0,"395":0,"396":0,"397":0,"400":1,"403":0,"404":0,"407":0,"410":0,"411":0,"415":0,"426":0,"427":0,"432":0,"437":0,"438":0,"439":0,"440":0,"441":0,"443":0,"444":0,"448":0,"449":0,"450":0,"452":0,"457":0,"463":0,"464":0,"466":0,"467":0,"471":0,"472":0,"473":0,"474":0,"475":0,"476":0,"477":0,"478":0,"484":0,"485":0,"486":0,"487":0,"489":0,"492":0,"495":0,"497":0,"500":0,"503":0,"508":0,"509":0,"512":0,"513":0,"514":0,"521":0,"522":0,"525":0,"526":0,"528":0,"534":0,"535":0,"537":0,"538":0,"539":0,"540":0,"541":0,"545":0,"549":0,"551":0,"552":0,"553":0,"555":0,"558":0,"565":0,"570":0,"572":0,"573":0,"574":0,"577":0,"581":0,"585":0,"586":0,"590":0,"594":0,"598":0,"599":0,"600":0,"614":0,"615":0,"616":0,"621":0,"625":0,"630":0,"631":0,"632":0,"636":0,"637":0,"641":0,"642":0,"645":0,"646":0,"651":0,"655":0,"656":0,"660":0,"661":0,"662":0,"663":0,"664":0,"668":0,"669":0,"673":0,"674":0,"678":0,"679":0,"683":0,"687":0,"688":0,"689":0,"690":0,"693":0,"694":0,"696":0,"699":0,"702":0,"703":0,"708":0,"709":0,"710":0,"714":0,"715":0,"716":0,"720":0,"723":0,"724":0,"726":0,"730":0,"732":0,"734":0,"744":0,"745":0,"747":0,"748":0,"753":0,"756":0,"757":0,"758":0,"759":0,"763":0,"764":0,"765":0,"767":0,"769":0,"770":0,"771":0,"774":0,"775":0,"776":0,"779":0,"780":0,"782":0,"783":0,"786":0,"789":0,"790":0,"792":0,"793":0,"795":0,"802":0,"808":0,"809":0,"814":0,"815":0,"816":0,"819":0,"832":0,"833":0,"836":0,"846":0,"847":0,"848":0,"849":0,"852":0,"856":0,"858":0,"864":0,"865":0,"869":0,"870":0,"872":0,"876":0,"877":0,"878":0,"879":0,"880":0,"882":0,"884":0,"885":0,"887":0,"888":0,"889":0,"892":0,"893":0,"894":0,"897":0,"898":0,"899":0,"903":0,"907":0,"908":0,"913":0,"918":0,"921":0,"924":0,"928":0,"934":0,"935":0,"939":0,"941":0,"942":0,"943":0,"944":0,"946":0,"950":0,"953":0,"957":0,"958":0,"961":0,"962":0,"963":0,"966":0,"968":0,"971":0,"972":0,"973":0,"974":0,"975":0,"976":0,"983":0,"984":0,"985":0,"986":0,"988":0,"991":0,"995":0,"1000":0,"1001":0,"1005":0,"1014":0,"1018":0,"1024":0,"1025":0,"1029":0,"1033":0,"1037":0,"1041":0,"1043":0,"1045":0,"1046":0,"1049":0,"1053":0,"1058":0,"1061":0,"1064":0,"1069":0,"1070":0,"1074":0,"1075":0,"1076":0,"1077":0,"1082":0,"1085":0,"1086":0,"1088":0,"1089":0,"1090":0,"1091":0,"1092":0,"1093":0,"1094":0,"1095":0,"1100":0,"1102":0,"1111":0,"1113":0,"1135":0,"1136":0,"1138":0,"1143":0,"1146":0,"1147":0,"1148":0,"1149":0,"1153":0,"1160":0,"1161":0,"1164":0,"1165":0,"1169":0,"1170":0,"1171":0,"1175":0,"1180":0,"1185":0,"1188":0,"1189":0,"1193":0,"1194":0,"1198":0,"1200":0,"1203":0,"1207":0,"1208":0,"1211":0,"1215":0,"1220":0,"1221":0,"1222":0,"1224":0,"1228":0,"1231":0,"1232":0,"1234":0,"1240":0,"1243":0,"1244":0,"1245":0,"1247":0,"1248":0,"1249":0,"1251":0,"1252":0,"1254":0,"1255":0,"1257":0,"1258":0,"1260":0,"1261":0,"1267":0,"1268":0,"1272":0,"1273":0,"1274":0,"1277":0,"1278":0,"1279":0,"1280":0,"1281":0,"1282":0,"1283":0,"1284":0,"1289":0,"1292":0,"1293":0,"1294":0,"1295":0,"1297":0,"1298":0,"1299":0,"1300":0,"1304":0,"1309":0,"1310":0,"1311":0,"1312":0,"1314":0,"1316":0,"1321":0,"1322":0,"1323":0,"1324":0,"1335":0,"1336":0,"1338":0,"1341":0,"1342":0,"1344":0,"1345":0,"1347":0,"1357":0,"1367":0,"1372":0,"1377":0,"1382":0,"1387":0,"1392":0,"1393":0,"1398":0,"1399":0,"1404":0,"1405":0,"1410":0,"1415":0,"1420":0,"1425":0,"1431":0,"1432":0,"1433":0,"1437":0,"1440":0,"1447":0,"1448":0,"1451":0,"1454":0,"1455":0,"1458":0,"1465":0,"1466":0,"1467":0,"1468":0,"1471":0,"1476":0,"1477":0,"1480":0,"1482":0,"1485":0,"1486":0,"1488":0,"1489":0,"1491":0,"1492":0,"1493":0,"1494":0,"1497":0,"1498":0,"1499":0,"1500":0,"1501":0,"1502":0,"1509":0,"1512":0,"1513":0,"1514":0,"1515":0,"1516":0,"1517":0,"1518":0,"1519":0,"1520":0,"1522":0,"1523":0,"1524":0,"1525":0,"1526":0,"1528":0,"1529":0,"1532":0,"1542":0,"1546":0,"1547":0,"1548":0,"1549":0,"1550":0,"1551":0,"1553":0,"1559":0,"1560":0,"1561":0,"1563":0,"1564":0,"1565":0,"1567":0,"1568":0,"1570":0,"1573":0}}}